{"C:\\Users\\ACER\\Desktop\\live-sport-sphere\\backend\\src\\config\\database.ts": {"path":"C:\\Users\\ACER\\Desktop\\live-sport-sphere\\backend\\src\\config\\database.ts","statementMap":{"0":{"start":{"line":6,"column":0},"end":{"line":6,"column":38}},"1":{"start":{"line":7,"column":0},"end":{"line":7,"column":28}},"2":{"start":{"line":9,"column":0},"end":{"line":9,"column":16}},"3":{"start":{"line":11,"column":31},"end":{"line":32,"column":6}},"4":{"start":{"line":35,"column":13},"end":{"line":35,"column":41}},"5":{"start":{"line":38,"column":0},"end":{"line":40,"column":3}},"6":{"start":{"line":39,"column":2},"end":{"line":39,"column":38}},"7":{"start":{"line":42,"column":0},"end":{"line":45,"column":3}},"8":{"start":{"line":43,"column":2},"end":{"line":43,"column":53}},"9":{"start":{"line":44,"column":2},"end":{"line":44,"column":19}},"10":{"start":{"line":48,"column":21},"end":{"line":63,"column":1}},"11":{"start":{"line":49,"column":16},"end":{"line":49,"column":26}},"12":{"start":{"line":50,"column":2},"end":{"line":62,"column":3}},"13":{"start":{"line":51,"column":16},"end":{"line":51,"column":46}},"14":{"start":{"line":52,"column":21},"end":{"line":52,"column":39}},"15":{"start":{"line":54,"column":4},"end":{"line":56,"column":5}},"16":{"start":{"line":55,"column":6},"end":{"line":55,"column":79}},"17":{"start":{"line":58,"column":4},"end":{"line":58,"column":15}},"18":{"start":{"line":60,"column":4},"end":{"line":60,"column":52}},"19":{"start":{"line":61,"column":4},"end":{"line":61,"column":16}},"20":{"start":{"line":48,"column":13},"end":{"line":48,"column":21}},"21":{"start":{"line":65,"column":0},"end":{"line":65,"column":20}}},"fnMap":{"0":{"name":"(anonymous_1)","decl":{"start":{"line":38,"column":19},"end":{"line":38,"column":22}},"loc":{"start":{"line":38,"column":24},"end":{"line":40,"column":1}}},"1":{"name":"(anonymous_2)","decl":{"start":{"line":42,"column":17},"end":{"line":42,"column":18}},"loc":{"start":{"line":42,"column":25},"end":{"line":45,"column":1}}},"2":{"name":"(anonymous_3)","decl":{"start":{"line":48,"column":21},"end":{"line":48,"column":26}},"loc":{"start":{"line":48,"column":60},"end":{"line":63,"column":1}}}},"branchMap":{"0":{"loc":{"start":{"line":11,"column":31},"end":{"line":32,"column":6}},"type":"cond-expr","locations":[{"start":{"line":12,"column":4},"end":{"line":21,"column":null}},{"start":{"line":22,"column":4},"end":{"line":32,"column":6}}]},"1":{"loc":{"start":{"line":15,"column":16},"end":{"line":15,"column":58}},"type":"binary-expr","locations":[{"start":{"line":15,"column":16},"end":{"line":15,"column":35}},{"start":{"line":15,"column":39},"end":{"line":15,"column":58}}]},"2":{"loc":{"start":{"line":16,"column":12},"end":{"line":16,"column":45}},"type":"binary-expr","locations":[{"start":{"line":16,"column":12},"end":{"line":16,"column":31}},{"start":{"line":16,"column":35},"end":{"line":16,"column":45}}]},"3":{"loc":{"start":{"line":17,"column":16},"end":{"line":17,"column":45}},"type":"binary-expr","locations":[{"start":{"line":17,"column":16},"end":{"line":17,"column":39}},{"start":{"line":17,"column":43},"end":{"line":17,"column":45}}]},"4":{"loc":{"start":{"line":24,"column":12},"end":{"line":24,"column":46}},"type":"binary-expr","locations":[{"start":{"line":24,"column":12},"end":{"line":24,"column":31}},{"start":{"line":24,"column":35},"end":{"line":24,"column":46}}]},"5":{"loc":{"start":{"line":25,"column":21},"end":{"line":25,"column":50}},"type":"binary-expr","locations":[{"start":{"line":25,"column":21},"end":{"line":25,"column":40}},{"start":{"line":25,"column":44},"end":{"line":25,"column":50}}]},"6":{"loc":{"start":{"line":26,"column":16},"end":{"line":26,"column":58}},"type":"binary-expr","locations":[{"start":{"line":26,"column":16},"end":{"line":26,"column":35}},{"start":{"line":26,"column":39},"end":{"line":26,"column":58}}]},"7":{"loc":{"start":{"line":27,"column":12},"end":{"line":27,"column":45}},"type":"binary-expr","locations":[{"start":{"line":27,"column":12},"end":{"line":27,"column":31}},{"start":{"line":27,"column":35},"end":{"line":27,"column":45}}]},"8":{"loc":{"start":{"line":28,"column":16},"end":{"line":28,"column":45}},"type":"binary-expr","locations":[{"start":{"line":28,"column":16},"end":{"line":28,"column":39}},{"start":{"line":28,"column":43},"end":{"line":28,"column":45}}]},"9":{"loc":{"start":{"line":54,"column":4},"end":{"line":56,"column":5}},"type":"if","locations":[{"start":{"line":54,"column":4},"end":{"line":56,"column":5}},{"start":{},"end":{}}]}},"s":{"0":4,"1":4,"2":4,"3":4,"4":4,"5":4,"6":0,"7":4,"8":0,"9":0,"10":4,"11":0,"12":0,"13":0,"14":0,"15":0,"16":0,"17":0,"18":0,"19":0,"20":4,"21":4},"f":{"0":0,"1":0,"2":0},"b":{"0":[0,4],"1":[0,0],"2":[0,0],"3":[0,0],"4":[4,4],"5":[4,4],"6":[4,4],"7":[4,4],"8":[4,4],"9":[0,0]}}
,"C:\\Users\\ACER\\Desktop\\live-sport-sphere\\backend\\src\\controllers\\matchController.ts": {"path":"C:\\Users\\ACER\\Desktop\\live-sport-sphere\\backend\\src\\controllers\\matchController.ts","statementMap":{"0":{"start":{"line":2,"column":0},"end":{"line":2,"column":50}},"1":{"start":{"line":6,"column":4},"end":{"line":12,"column":5}},"2":{"start":{"line":7,"column":31},"end":{"line":7,"column":41}},"3":{"start":{"line":8,"column":22},"end":{"line":8,"column":71}},"4":{"start":{"line":9,"column":6},"end":{"line":9,"column":49}},"5":{"start":{"line":11,"column":6},"end":{"line":11,"column":142}},"6":{"start":{"line":16,"column":4},"end":{"line":22,"column":5}},"7":{"start":{"line":17,"column":20},"end":{"line":17,"column":60}},"8":{"start":{"line":18,"column":6},"end":{"line":18,"column":92}},"9":{"start":{"line":18,"column":18},"end":{"line":18,"column":92}},"10":{"start":{"line":19,"column":6},"end":{"line":19,"column":47}},"11":{"start":{"line":21,"column":6},"end":{"line":21,"column":140}},"12":{"start":{"line":26,"column":4},"end":{"line":33,"column":5}},"13":{"start":{"line":27,"column":39},"end":{"line":27,"column":47}},"14":{"start":{"line":28,"column":20},"end":{"line":28,"column":86}},"15":{"start":{"line":29,"column":6},"end":{"line":29,"column":92}},"16":{"start":{"line":29,"column":18},"end":{"line":29,"column":92}},"17":{"start":{"line":30,"column":6},"end":{"line":30,"column":47}},"18":{"start":{"line":32,"column":6},"end":{"line":32,"column":142}},"19":{"start":{"line":37,"column":4},"end":{"line":44,"column":5}},"20":{"start":{"line":38,"column":25},"end":{"line":38,"column":33}},"21":{"start":{"line":39,"column":20},"end":{"line":39,"column":72}},"22":{"start":{"line":40,"column":6},"end":{"line":40,"column":92}},"23":{"start":{"line":40,"column":18},"end":{"line":40,"column":92}},"24":{"start":{"line":41,"column":6},"end":{"line":41,"column":47}},"25":{"start":{"line":43,"column":6},"end":{"line":43,"column":142}},"26":{"start":{"line":48,"column":4},"end":{"line":54,"column":5}},"27":{"start":{"line":49,"column":20},"end":{"line":49,"column":65}},"28":{"start":{"line":50,"column":6},"end":{"line":50,"column":92}},"29":{"start":{"line":50,"column":18},"end":{"line":50,"column":92}},"30":{"start":{"line":51,"column":6},"end":{"line":51,"column":47}},"31":{"start":{"line":53,"column":6},"end":{"line":53,"column":146}},"32":{"start":{"line":58,"column":4},"end":{"line":63,"column":5}},"33":{"start":{"line":59,"column":22},"end":{"line":59,"column":68}},"34":{"start":{"line":60,"column":6},"end":{"line":60,"column":49}},"35":{"start":{"line":62,"column":6},"end":{"line":62,"column":147}},"36":{"start":{"line":67,"column":4},"end":{"line":73,"column":5}},"37":{"start":{"line":68,"column":50},"end":{"line":68,"column":58}},"38":{"start":{"line":69,"column":21},"end":{"line":69,"column":108}},"39":{"start":{"line":70,"column":6},"end":{"line":70,"column":60}},"40":{"start":{"line":72,"column":6},"end":{"line":72,"column":144}},"41":{"start":{"line":77,"column":4},"end":{"line":82,"column":5}},"42":{"start":{"line":78,"column":20},"end":{"line":78,"column":65}},"43":{"start":{"line":79,"column":6},"end":{"line":79,"column":47}},"44":{"start":{"line":81,"column":6},"end":{"line":81,"column":140}},"45":{"start":{"line":86,"column":4},"end":{"line":92,"column":5}},"46":{"start":{"line":87,"column":56},"end":{"line":87,"column":64}},"47":{"start":{"line":88,"column":19},"end":{"line":88,"column":97}},"48":{"start":{"line":89,"column":6},"end":{"line":89,"column":58}},"49":{"start":{"line":91,"column":6},"end":{"line":91,"column":137}},"50":{"start":{"line":96,"column":4},"end":{"line":101,"column":5}},"51":{"start":{"line":97,"column":19},"end":{"line":97,"column":67}},"52":{"start":{"line":98,"column":6},"end":{"line":98,"column":46}},"53":{"start":{"line":100,"column":6},"end":{"line":100,"column":148}},"54":{"start":{"line":105,"column":4},"end":{"line":111,"column":5}},"55":{"start":{"line":106,"column":58},"end":{"line":106,"column":66}},"56":{"start":{"line":107,"column":18},"end":{"line":107,"column":106}},"57":{"start":{"line":108,"column":6},"end":{"line":108,"column":57}},"58":{"start":{"line":110,"column":6},"end":{"line":110,"column":145}},"59":{"start":{"line":115,"column":4},"end":{"line":121,"column":5}},"60":{"start":{"line":116,"column":31},"end":{"line":116,"column":41}},"61":{"start":{"line":117,"column":24},"end":{"line":117,"column":79}},"62":{"start":{"line":118,"column":6},"end":{"line":118,"column":51}},"63":{"start":{"line":120,"column":6},"end":{"line":120,"column":144}},"64":{"start":{"line":4,"column":0},"end":{"line":4,"column":13}}},"fnMap":{"0":{"name":"(anonymous_0)","decl":{"start":{"line":5,"column":2},"end":{"line":5,"column":8}},"loc":{"start":{"line":5,"column":58},"end":{"line":13,"column":3}}},"1":{"name":"(anonymous_1)","decl":{"start":{"line":15,"column":2},"end":{"line":15,"column":8}},"loc":{"start":{"line":15,"column":50},"end":{"line":23,"column":3}}},"2":{"name":"(anonymous_2)","decl":{"start":{"line":25,"column":2},"end":{"line":25,"column":8}},"loc":{"start":{"line":25,"column":55},"end":{"line":34,"column":3}}},"3":{"name":"(anonymous_3)","decl":{"start":{"line":36,"column":2},"end":{"line":36,"column":8}},"loc":{"start":{"line":36,"column":55},"end":{"line":45,"column":3}}},"4":{"name":"(anonymous_4)","decl":{"start":{"line":47,"column":2},"end":{"line":47,"column":8}},"loc":{"start":{"line":47,"column":56},"end":{"line":55,"column":3}}},"5":{"name":"(anonymous_5)","decl":{"start":{"line":57,"column":2},"end":{"line":57,"column":8}},"loc":{"start":{"line":57,"column":57},"end":{"line":64,"column":3}}},"6":{"name":"(anonymous_6)","decl":{"start":{"line":66,"column":2},"end":{"line":66,"column":8}},"loc":{"start":{"line":66,"column":56},"end":{"line":74,"column":3}}},"7":{"name":"(anonymous_7)","decl":{"start":{"line":76,"column":2},"end":{"line":76,"column":8}},"loc":{"start":{"line":76,"column":56},"end":{"line":83,"column":3}}},"8":{"name":"(anonymous_8)","decl":{"start":{"line":85,"column":2},"end":{"line":85,"column":8}},"loc":{"start":{"line":85,"column":50},"end":{"line":93,"column":3}}},"9":{"name":"(anonymous_9)","decl":{"start":{"line":95,"column":2},"end":{"line":95,"column":8}},"loc":{"start":{"line":95,"column":59},"end":{"line":102,"column":3}}},"10":{"name":"(anonymous_10)","decl":{"start":{"line":104,"column":2},"end":{"line":104,"column":8}},"loc":{"start":{"line":104,"column":58},"end":{"line":112,"column":3}}},"11":{"name":"(anonymous_11)","decl":{"start":{"line":114,"column":2},"end":{"line":114,"column":8}},"loc":{"start":{"line":114,"column":55},"end":{"line":122,"column":3}}}},"branchMap":{"0":{"loc":{"start":{"line":11,"column":88},"end":{"line":11,"column":138}},"type":"cond-expr","locations":[{"start":{"line":11,"column":113},"end":{"line":11,"column":126}},{"start":{"line":11,"column":129},"end":{"line":11,"column":138}}]},"1":{"loc":{"start":{"line":18,"column":6},"end":{"line":18,"column":92}},"type":"if","locations":[{"start":{"line":18,"column":6},"end":{"line":18,"column":92}},{"start":{},"end":{}}]},"2":{"loc":{"start":{"line":21,"column":86},"end":{"line":21,"column":136}},"type":"cond-expr","locations":[{"start":{"line":21,"column":111},"end":{"line":21,"column":124}},{"start":{"line":21,"column":127},"end":{"line":21,"column":136}}]},"3":{"loc":{"start":{"line":29,"column":6},"end":{"line":29,"column":92}},"type":"if","locations":[{"start":{"line":29,"column":6},"end":{"line":29,"column":92}},{"start":{},"end":{}}]},"4":{"loc":{"start":{"line":32,"column":88},"end":{"line":32,"column":138}},"type":"cond-expr","locations":[{"start":{"line":32,"column":113},"end":{"line":32,"column":126}},{"start":{"line":32,"column":129},"end":{"line":32,"column":138}}]},"5":{"loc":{"start":{"line":40,"column":6},"end":{"line":40,"column":92}},"type":"if","locations":[{"start":{"line":40,"column":6},"end":{"line":40,"column":92}},{"start":{},"end":{}}]},"6":{"loc":{"start":{"line":43,"column":88},"end":{"line":43,"column":138}},"type":"cond-expr","locations":[{"start":{"line":43,"column":113},"end":{"line":43,"column":126}},{"start":{"line":43,"column":129},"end":{"line":43,"column":138}}]},"7":{"loc":{"start":{"line":50,"column":6},"end":{"line":50,"column":92}},"type":"if","locations":[{"start":{"line":50,"column":6},"end":{"line":50,"column":92}},{"start":{},"end":{}}]},"8":{"loc":{"start":{"line":53,"column":92},"end":{"line":53,"column":142}},"type":"cond-expr","locations":[{"start":{"line":53,"column":117},"end":{"line":53,"column":130}},{"start":{"line":53,"column":133},"end":{"line":53,"column":142}}]},"9":{"loc":{"start":{"line":62,"column":93},"end":{"line":62,"column":143}},"type":"cond-expr","locations":[{"start":{"line":62,"column":118},"end":{"line":62,"column":131}},{"start":{"line":62,"column":134},"end":{"line":62,"column":143}}]},"10":{"loc":{"start":{"line":69,"column":87},"end":{"line":69,"column":107}},"type":"binary-expr","locations":[{"start":{"line":69,"column":87},"end":{"line":69,"column":98}},{"start":{"line":69,"column":102},"end":{"line":69,"column":107}}]},"11":{"loc":{"start":{"line":72,"column":90},"end":{"line":72,"column":140}},"type":"cond-expr","locations":[{"start":{"line":72,"column":115},"end":{"line":72,"column":128}},{"start":{"line":72,"column":131},"end":{"line":72,"column":140}}]},"12":{"loc":{"start":{"line":81,"column":86},"end":{"line":81,"column":136}},"type":"cond-expr","locations":[{"start":{"line":81,"column":111},"end":{"line":81,"column":124}},{"start":{"line":81,"column":127},"end":{"line":81,"column":136}}]},"13":{"loc":{"start":{"line":91,"column":83},"end":{"line":91,"column":133}},"type":"cond-expr","locations":[{"start":{"line":91,"column":108},"end":{"line":91,"column":121}},{"start":{"line":91,"column":124},"end":{"line":91,"column":133}}]},"14":{"loc":{"start":{"line":100,"column":94},"end":{"line":100,"column":144}},"type":"cond-expr","locations":[{"start":{"line":100,"column":119},"end":{"line":100,"column":132}},{"start":{"line":100,"column":135},"end":{"line":100,"column":144}}]},"15":{"loc":{"start":{"line":110,"column":91},"end":{"line":110,"column":141}},"type":"cond-expr","locations":[{"start":{"line":110,"column":116},"end":{"line":110,"column":129}},{"start":{"line":110,"column":132},"end":{"line":110,"column":141}}]},"16":{"loc":{"start":{"line":120,"column":90},"end":{"line":120,"column":140}},"type":"cond-expr","locations":[{"start":{"line":120,"column":115},"end":{"line":120,"column":128}},{"start":{"line":120,"column":131},"end":{"line":120,"column":140}}]}},"s":{"0":1,"1":2,"2":2,"3":2,"4":1,"5":1,"6":2,"7":2,"8":2,"9":1,"10":1,"11":0,"12":2,"13":2,"14":2,"15":2,"16":1,"17":1,"18":0,"19":1,"20":1,"21":1,"22":1,"23":0,"24":1,"25":0,"26":0,"27":0,"28":0,"29":0,"30":0,"31":0,"32":0,"33":0,"34":0,"35":0,"36":1,"37":1,"38":1,"39":1,"40":0,"41":0,"42":0,"43":0,"44":0,"45":0,"46":0,"47":0,"48":0,"49":0,"50":0,"51":0,"52":0,"53":0,"54":0,"55":0,"56":0,"57":0,"58":0,"59":1,"60":1,"61":1,"62":1,"63":0,"64":1},"f":{"0":2,"1":2,"2":2,"3":1,"4":0,"5":0,"6":1,"7":0,"8":0,"9":0,"10":0,"11":1},"b":{"0":[1,0],"1":[1,1],"2":[0,0],"3":[1,1],"4":[0,0],"5":[0,1],"6":[0,0],"7":[0,0],"8":[0,0],"9":[0,0],"10":[1,1],"11":[0,0],"12":[0,0],"13":[0,0],"14":[0,0],"15":[0,0],"16":[0,0]}}
,"C:\\Users\\ACER\\Desktop\\live-sport-sphere\\backend\\src\\controllers\\playerController.ts": {"path":"C:\\Users\\ACER\\Desktop\\live-sport-sphere\\backend\\src\\controllers\\playerController.ts","statementMap":{"0":{"start":{"line":7,"column":0},"end":{"line":7,"column":52}},"1":{"start":{"line":11,"column":26},"end":{"line":11,"column":64}},"2":{"start":{"line":19,"column":4},"end":{"line":37,"column":5}},"3":{"start":{"line":21,"column":24},"end":{"line":21,"column":41}},"4":{"start":{"line":23,"column":22},"end":{"line":23,"column":64}},"5":{"start":{"line":25,"column":6},"end":{"line":29,"column":9}},"6":{"start":{"line":31,"column":6},"end":{"line":31,"column":54}},"7":{"start":{"line":32,"column":6},"end":{"line":36,"column":9}},"8":{"start":{"line":45,"column":4},"end":{"line":68,"column":5}},"9":{"start":{"line":46,"column":21},"end":{"line":46,"column":31}},"10":{"start":{"line":48,"column":21},"end":{"line":48,"column":51}},"11":{"start":{"line":50,"column":6},"end":{"line":55,"column":7}},"12":{"start":{"line":51,"column":8},"end":{"line":54,"column":11}},"13":{"start":{"line":57,"column":6},"end":{"line":60,"column":9}},"14":{"start":{"line":62,"column":6},"end":{"line":62,"column":53}},"15":{"start":{"line":63,"column":6},"end":{"line":67,"column":9}},"16":{"start":{"line":76,"column":4},"end":{"line":99,"column":5}},"17":{"start":{"line":77,"column":21},"end":{"line":77,"column":31}},"18":{"start":{"line":79,"column":30},"end":{"line":79,"column":60}},"19":{"start":{"line":81,"column":6},"end":{"line":86,"column":7}},"20":{"start":{"line":82,"column":8},"end":{"line":85,"column":11}},"21":{"start":{"line":88,"column":6},"end":{"line":91,"column":9}},"22":{"start":{"line":93,"column":6},"end":{"line":93,"column":59}},"23":{"start":{"line":94,"column":6},"end":{"line":98,"column":9}},"24":{"start":{"line":107,"column":4},"end":{"line":146,"column":5}},"25":{"start":{"line":108,"column":61},"end":{"line":108,"column":69}},"26":{"start":{"line":111,"column":6},"end":{"line":116,"column":7}},"27":{"start":{"line":112,"column":8},"end":{"line":115,"column":11}},"28":{"start":{"line":118,"column":6},"end":{"line":123,"column":7}},"29":{"start":{"line":119,"column":8},"end":{"line":122,"column":11}},"30":{"start":{"line":126,"column":24},"end":{"line":126,"column":41}},"31":{"start":{"line":128,"column":21},"end":{"line":131,"column":null}},"32":{"start":{"line":134,"column":6},"end":{"line":138,"column":9}},"33":{"start":{"line":140,"column":6},"end":{"line":140,"column":53}},"34":{"start":{"line":141,"column":6},"end":{"line":145,"column":9}},"35":{"start":{"line":154,"column":4},"end":{"line":191,"column":5}},"36":{"start":{"line":155,"column":21},"end":{"line":155,"column":31}},"37":{"start":{"line":156,"column":61},"end":{"line":156,"column":69}},"38":{"start":{"line":159,"column":6},"end":{"line":164,"column":7}},"39":{"start":{"line":160,"column":8},"end":{"line":163,"column":11}},"40":{"start":{"line":166,"column":21},"end":{"line":169,"column":null}},"41":{"start":{"line":172,"column":6},"end":{"line":177,"column":7}},"42":{"start":{"line":173,"column":8},"end":{"line":176,"column":11}},"43":{"start":{"line":179,"column":6},"end":{"line":183,"column":9}},"44":{"start":{"line":185,"column":6},"end":{"line":185,"column":53}},"45":{"start":{"line":186,"column":6},"end":{"line":190,"column":9}},"46":{"start":{"line":199,"column":4},"end":{"line":222,"column":5}},"47":{"start":{"line":200,"column":21},"end":{"line":200,"column":31}},"48":{"start":{"line":202,"column":22},"end":{"line":202,"column":50}},"49":{"start":{"line":204,"column":6},"end":{"line":209,"column":7}},"50":{"start":{"line":205,"column":8},"end":{"line":208,"column":11}},"51":{"start":{"line":211,"column":6},"end":{"line":214,"column":9}},"52":{"start":{"line":216,"column":6},"end":{"line":216,"column":53}},"53":{"start":{"line":217,"column":6},"end":{"line":221,"column":9}},"54":{"start":{"line":230,"column":4},"end":{"line":257,"column":5}},"55":{"start":{"line":231,"column":20},"end":{"line":231,"column":41}},"56":{"start":{"line":233,"column":6},"end":{"line":238,"column":7}},"57":{"start":{"line":234,"column":8},"end":{"line":237,"column":11}},"58":{"start":{"line":241,"column":24},"end":{"line":241,"column":41}},"59":{"start":{"line":243,"column":22},"end":{"line":243,"column":71}},"60":{"start":{"line":245,"column":6},"end":{"line":249,"column":9}},"61":{"start":{"line":251,"column":6},"end":{"line":251,"column":55}},"62":{"start":{"line":252,"column":6},"end":{"line":256,"column":9}},"63":{"start":{"line":13,"column":0},"end":{"line":13,"column":13}}},"fnMap":{"0":{"name":"(anonymous_0)","decl":{"start":{"line":18,"column":2},"end":{"line":18,"column":8}},"loc":{"start":{"line":18,"column":49},"end":{"line":38,"column":3}}},"1":{"name":"(anonymous_1)","decl":{"start":{"line":44,"column":2},"end":{"line":44,"column":8}},"loc":{"start":{"line":44,"column":50},"end":{"line":69,"column":3}}},"2":{"name":"(anonymous_2)","decl":{"start":{"line":75,"column":2},"end":{"line":75,"column":8}},"loc":{"start":{"line":75,"column":51},"end":{"line":100,"column":3}}},"3":{"name":"(anonymous_3)","decl":{"start":{"line":106,"column":2},"end":{"line":106,"column":8}},"loc":{"start":{"line":106,"column":49},"end":{"line":147,"column":3}}},"4":{"name":"(anonymous_4)","decl":{"start":{"line":153,"column":2},"end":{"line":153,"column":8}},"loc":{"start":{"line":153,"column":49},"end":{"line":192,"column":3}}},"5":{"name":"(anonymous_5)","decl":{"start":{"line":198,"column":2},"end":{"line":198,"column":8}},"loc":{"start":{"line":198,"column":49},"end":{"line":223,"column":3}}},"6":{"name":"(anonymous_6)","decl":{"start":{"line":229,"column":2},"end":{"line":229,"column":8}},"loc":{"start":{"line":229,"column":49},"end":{"line":258,"column":3}}}},"branchMap":{"0":{"loc":{"start":{"line":35,"column":17},"end":{"line":35,"column":73}},"type":"cond-expr","locations":[{"start":{"line":35,"column":42},"end":{"line":35,"column":55}},{"start":{"line":35,"column":58},"end":{"line":35,"column":73}}]},"1":{"loc":{"start":{"line":50,"column":6},"end":{"line":55,"column":7}},"type":"if","locations":[{"start":{"line":50,"column":6},"end":{"line":55,"column":7}},{"start":{},"end":{}}]},"2":{"loc":{"start":{"line":66,"column":17},"end":{"line":66,"column":73}},"type":"cond-expr","locations":[{"start":{"line":66,"column":42},"end":{"line":66,"column":55}},{"start":{"line":66,"column":58},"end":{"line":66,"column":73}}]},"3":{"loc":{"start":{"line":81,"column":6},"end":{"line":86,"column":7}},"type":"if","locations":[{"start":{"line":81,"column":6},"end":{"line":86,"column":7}},{"start":{},"end":{}}]},"4":{"loc":{"start":{"line":97,"column":17},"end":{"line":97,"column":73}},"type":"cond-expr","locations":[{"start":{"line":97,"column":42},"end":{"line":97,"column":55}},{"start":{"line":97,"column":58},"end":{"line":97,"column":73}}]},"5":{"loc":{"start":{"line":111,"column":6},"end":{"line":116,"column":7}},"type":"if","locations":[{"start":{"line":111,"column":6},"end":{"line":116,"column":7}},{"start":{},"end":{}}]},"6":{"loc":{"start":{"line":111,"column":10},"end":{"line":111,"column":35}},"type":"binary-expr","locations":[{"start":{"line":111,"column":10},"end":{"line":111,"column":21}},{"start":{"line":111,"column":25},"end":{"line":111,"column":35}}]},"7":{"loc":{"start":{"line":118,"column":6},"end":{"line":123,"column":7}},"type":"if","locations":[{"start":{"line":118,"column":6},"end":{"line":123,"column":7}},{"start":{},"end":{}}]},"8":{"loc":{"start":{"line":118,"column":10},"end":{"line":118,"column":73}},"type":"binary-expr","locations":[{"start":{"line":118,"column":10},"end":{"line":118,"column":40}},{"start":{"line":118,"column":44},"end":{"line":118,"column":73}}]},"9":{"loc":{"start":{"line":144,"column":17},"end":{"line":144,"column":73}},"type":"cond-expr","locations":[{"start":{"line":144,"column":42},"end":{"line":144,"column":55}},{"start":{"line":144,"column":58},"end":{"line":144,"column":73}}]},"10":{"loc":{"start":{"line":159,"column":6},"end":{"line":164,"column":7}},"type":"if","locations":[{"start":{"line":159,"column":6},"end":{"line":164,"column":7}},{"start":{},"end":{}}]},"11":{"loc":{"start":{"line":159,"column":10},"end":{"line":159,"column":35}},"type":"binary-expr","locations":[{"start":{"line":159,"column":10},"end":{"line":159,"column":21}},{"start":{"line":159,"column":25},"end":{"line":159,"column":35}}]},"12":{"loc":{"start":{"line":172,"column":6},"end":{"line":177,"column":7}},"type":"if","locations":[{"start":{"line":172,"column":6},"end":{"line":177,"column":7}},{"start":{},"end":{}}]},"13":{"loc":{"start":{"line":189,"column":17},"end":{"line":189,"column":73}},"type":"cond-expr","locations":[{"start":{"line":189,"column":42},"end":{"line":189,"column":55}},{"start":{"line":189,"column":58},"end":{"line":189,"column":73}}]},"14":{"loc":{"start":{"line":204,"column":6},"end":{"line":209,"column":7}},"type":"if","locations":[{"start":{"line":204,"column":6},"end":{"line":209,"column":7}},{"start":{},"end":{}}]},"15":{"loc":{"start":{"line":220,"column":17},"end":{"line":220,"column":73}},"type":"cond-expr","locations":[{"start":{"line":220,"column":42},"end":{"line":220,"column":55}},{"start":{"line":220,"column":58},"end":{"line":220,"column":73}}]},"16":{"loc":{"start":{"line":233,"column":6},"end":{"line":238,"column":7}},"type":"if","locations":[{"start":{"line":233,"column":6},"end":{"line":238,"column":7}},{"start":{},"end":{}}]},"17":{"loc":{"start":{"line":233,"column":10},"end":{"line":233,"column":45}},"type":"binary-expr","locations":[{"start":{"line":233,"column":10},"end":{"line":233,"column":16}},{"start":{"line":233,"column":20},"end":{"line":233,"column":45}}]},"18":{"loc":{"start":{"line":255,"column":17},"end":{"line":255,"column":73}},"type":"cond-expr","locations":[{"start":{"line":255,"column":42},"end":{"line":255,"column":55}},{"start":{"line":255,"column":58},"end":{"line":255,"column":73}}]}},"s":{"0":1,"1":1,"2":1,"3":1,"4":1,"5":1,"6":0,"7":0,"8":2,"9":2,"10":2,"11":2,"12":1,"13":1,"14":0,"15":0,"16":0,"17":0,"18":0,"19":0,"20":0,"21":0,"22":0,"23":0,"24":3,"25":3,"26":3,"27":2,"28":1,"29":0,"30":1,"31":1,"32":1,"33":0,"34":0,"35":0,"36":0,"37":0,"38":0,"39":0,"40":0,"41":0,"42":0,"43":0,"44":0,"45":0,"46":2,"47":2,"48":2,"49":2,"50":1,"51":1,"52":0,"53":0,"54":2,"55":2,"56":2,"57":1,"58":1,"59":1,"60":1,"61":0,"62":0,"63":1},"f":{"0":1,"1":2,"2":0,"3":3,"4":0,"5":2,"6":2},"b":{"0":[0,0],"1":[1,1],"2":[0,0],"3":[0,0],"4":[0,0],"5":[2,1],"6":[3,2],"7":[0,1],"8":[1,1],"9":[0,0],"10":[0,0],"11":[0,0],"12":[0,0],"13":[0,0],"14":[1,1],"15":[0,0],"16":[1,1],"17":[2,1],"18":[0,0]}}
,"C:\\Users\\ACER\\Desktop\\live-sport-sphere\\backend\\src\\controllers\\teamController.ts": {"path":"C:\\Users\\ACER\\Desktop\\live-sport-sphere\\backend\\src\\controllers\\teamController.ts","statementMap":{"0":{"start":{"line":7,"column":0},"end":{"line":7,"column":48}},"1":{"start":{"line":16,"column":4},"end":{"line":33,"column":5}},"2":{"start":{"line":17,"column":31},"end":{"line":17,"column":41}},"3":{"start":{"line":19,"column":20},"end":{"line":19,"column":66}},"4":{"start":{"line":21,"column":6},"end":{"line":25,"column":9}},"5":{"start":{"line":27,"column":6},"end":{"line":27,"column":52}},"6":{"start":{"line":28,"column":6},"end":{"line":32,"column":9}},"7":{"start":{"line":41,"column":4},"end":{"line":82,"column":5}},"8":{"start":{"line":42,"column":21},"end":{"line":42,"column":31}},"9":{"start":{"line":43,"column":34},"end":{"line":43,"column":69}},"10":{"start":{"line":44,"column":29},"end":{"line":44,"column":59}},"11":{"start":{"line":46,"column":6},"end":{"line":60,"column":7}},"12":{"start":{"line":47,"column":21},"end":{"line":47,"column":60}},"13":{"start":{"line":49,"column":8},"end":{"line":54,"column":9}},"14":{"start":{"line":50,"column":10},"end":{"line":53,"column":13}},"15":{"start":{"line":56,"column":8},"end":{"line":59,"column":11}},"16":{"start":{"line":62,"column":19},"end":{"line":62,"column":47}},"17":{"start":{"line":64,"column":6},"end":{"line":69,"column":7}},"18":{"start":{"line":65,"column":8},"end":{"line":68,"column":11}},"19":{"start":{"line":71,"column":6},"end":{"line":74,"column":9}},"20":{"start":{"line":76,"column":6},"end":{"line":76,"column":51}},"21":{"start":{"line":77,"column":6},"end":{"line":81,"column":9}},"22":{"start":{"line":90,"column":4},"end":{"line":136,"column":5}},"23":{"start":{"line":91,"column":31},"end":{"line":91,"column":41}},"24":{"start":{"line":92,"column":64},"end":{"line":92,"column":72}},"25":{"start":{"line":95,"column":6},"end":{"line":100,"column":7}},"26":{"start":{"line":96,"column":8},"end":{"line":99,"column":11}},"27":{"start":{"line":102,"column":6},"end":{"line":107,"column":7}},"28":{"start":{"line":103,"column":8},"end":{"line":106,"column":11}},"29":{"start":{"line":110,"column":19},"end":{"line":113,"column":null}},"30":{"start":{"line":117,"column":6},"end":{"line":119,"column":7}},"31":{"start":{"line":118,"column":8},"end":{"line":118,"column":56}},"32":{"start":{"line":122,"column":30},"end":{"line":122,"column":74}},"33":{"start":{"line":124,"column":6},"end":{"line":128,"column":9}},"34":{"start":{"line":130,"column":6},"end":{"line":130,"column":51}},"35":{"start":{"line":131,"column":6},"end":{"line":135,"column":9}},"36":{"start":{"line":144,"column":4},"end":{"line":176,"column":5}},"37":{"start":{"line":145,"column":21},"end":{"line":145,"column":31}},"38":{"start":{"line":146,"column":52},"end":{"line":146,"column":60}},"39":{"start":{"line":148,"column":6},"end":{"line":153,"column":7}},"40":{"start":{"line":149,"column":8},"end":{"line":152,"column":11}},"41":{"start":{"line":155,"column":19},"end":{"line":155,"column":68}},"42":{"start":{"line":157,"column":6},"end":{"line":162,"column":7}},"43":{"start":{"line":158,"column":8},"end":{"line":161,"column":11}},"44":{"start":{"line":164,"column":6},"end":{"line":168,"column":9}},"45":{"start":{"line":170,"column":6},"end":{"line":170,"column":51}},"46":{"start":{"line":171,"column":6},"end":{"line":175,"column":9}},"47":{"start":{"line":184,"column":4},"end":{"line":207,"column":5}},"48":{"start":{"line":185,"column":21},"end":{"line":185,"column":31}},"49":{"start":{"line":187,"column":22},"end":{"line":187,"column":48}},"50":{"start":{"line":189,"column":6},"end":{"line":194,"column":7}},"51":{"start":{"line":190,"column":8},"end":{"line":193,"column":11}},"52":{"start":{"line":196,"column":6},"end":{"line":199,"column":9}},"53":{"start":{"line":201,"column":6},"end":{"line":201,"column":51}},"54":{"start":{"line":202,"column":6},"end":{"line":206,"column":9}},"55":{"start":{"line":215,"column":4},"end":{"line":242,"column":5}},"56":{"start":{"line":216,"column":21},"end":{"line":216,"column":31}},"57":{"start":{"line":217,"column":28},"end":{"line":217,"column":36}},"58":{"start":{"line":219,"column":6},"end":{"line":224,"column":7}},"59":{"start":{"line":220,"column":8},"end":{"line":223,"column":11}},"60":{"start":{"line":226,"column":6},"end":{"line":226,"column":47}},"61":{"start":{"line":228,"column":22},"end":{"line":228,"column":52}},"62":{"start":{"line":230,"column":6},"end":{"line":234,"column":9}},"63":{"start":{"line":236,"column":6},"end":{"line":236,"column":59}},"64":{"start":{"line":237,"column":6},"end":{"line":241,"column":9}},"65":{"start":{"line":250,"column":4},"end":{"line":273,"column":5}},"66":{"start":{"line":251,"column":31},"end":{"line":251,"column":41}},"67":{"start":{"line":253,"column":22},"end":{"line":253,"column":64}},"68":{"start":{"line":255,"column":6},"end":{"line":260,"column":7}},"69":{"start":{"line":256,"column":8},"end":{"line":259,"column":11}},"70":{"start":{"line":262,"column":6},"end":{"line":265,"column":9}},"71":{"start":{"line":267,"column":6},"end":{"line":267,"column":63}},"72":{"start":{"line":268,"column":6},"end":{"line":272,"column":9}},"73":{"start":{"line":281,"column":4},"end":{"line":308,"column":5}},"74":{"start":{"line":282,"column":21},"end":{"line":282,"column":31}},"75":{"start":{"line":283,"column":29},"end":{"line":283,"column":37}},"76":{"start":{"line":285,"column":6},"end":{"line":290,"column":7}},"77":{"start":{"line":286,"column":8},"end":{"line":289,"column":11}},"78":{"start":{"line":292,"column":6},"end":{"line":292,"column":49}},"79":{"start":{"line":294,"column":22},"end":{"line":294,"column":52}},"80":{"start":{"line":296,"column":6},"end":{"line":300,"column":9}},"81":{"start":{"line":302,"column":6},"end":{"line":302,"column":58}},"82":{"start":{"line":303,"column":6},"end":{"line":307,"column":9}},"83":{"start":{"line":316,"column":4},"end":{"line":333,"column":5}},"84":{"start":{"line":317,"column":21},"end":{"line":317,"column":31}},"85":{"start":{"line":319,"column":22},"end":{"line":319,"column":52}},"86":{"start":{"line":321,"column":6},"end":{"line":325,"column":9}},"87":{"start":{"line":327,"column":6},"end":{"line":327,"column":59}},"88":{"start":{"line":328,"column":6},"end":{"line":332,"column":9}},"89":{"start":{"line":10,"column":0},"end":{"line":10,"column":13}}},"fnMap":{"0":{"name":"(anonymous_0)","decl":{"start":{"line":15,"column":2},"end":{"line":15,"column":8}},"loc":{"start":{"line":15,"column":58},"end":{"line":34,"column":3}}},"1":{"name":"(anonymous_1)","decl":{"start":{"line":40,"column":2},"end":{"line":40,"column":8}},"loc":{"start":{"line":40,"column":50},"end":{"line":83,"column":3}}},"2":{"name":"(anonymous_2)","decl":{"start":{"line":89,"column":2},"end":{"line":89,"column":8}},"loc":{"start":{"line":89,"column":49},"end":{"line":137,"column":3}}},"3":{"name":"(anonymous_3)","decl":{"start":{"line":143,"column":2},"end":{"line":143,"column":8}},"loc":{"start":{"line":143,"column":49},"end":{"line":177,"column":3}}},"4":{"name":"(anonymous_4)","decl":{"start":{"line":183,"column":2},"end":{"line":183,"column":8}},"loc":{"start":{"line":183,"column":49},"end":{"line":208,"column":3}}},"5":{"name":"(anonymous_5)","decl":{"start":{"line":214,"column":2},"end":{"line":214,"column":8}},"loc":{"start":{"line":214,"column":52},"end":{"line":243,"column":3}}},"6":{"name":"(anonymous_6)","decl":{"start":{"line":249,"column":2},"end":{"line":249,"column":8}},"loc":{"start":{"line":249,"column":55},"end":{"line":274,"column":3}}},"7":{"name":"(anonymous_7)","decl":{"start":{"line":280,"column":2},"end":{"line":280,"column":8}},"loc":{"start":{"line":280,"column":53},"end":{"line":309,"column":3}}},"8":{"name":"(anonymous_8)","decl":{"start":{"line":315,"column":2},"end":{"line":315,"column":8}},"loc":{"start":{"line":315,"column":53},"end":{"line":334,"column":3}}}},"branchMap":{"0":{"loc":{"start":{"line":31,"column":17},"end":{"line":31,"column":73}},"type":"cond-expr","locations":[{"start":{"line":31,"column":42},"end":{"line":31,"column":55}},{"start":{"line":31,"column":58},"end":{"line":31,"column":73}}]},"1":{"loc":{"start":{"line":46,"column":6},"end":{"line":60,"column":7}},"type":"if","locations":[{"start":{"line":46,"column":6},"end":{"line":60,"column":7}},{"start":{},"end":{}}]},"2":{"loc":{"start":{"line":49,"column":8},"end":{"line":54,"column":9}},"type":"if","locations":[{"start":{"line":49,"column":8},"end":{"line":54,"column":9}},{"start":{},"end":{}}]},"3":{"loc":{"start":{"line":64,"column":6},"end":{"line":69,"column":7}},"type":"if","locations":[{"start":{"line":64,"column":6},"end":{"line":69,"column":7}},{"start":{},"end":{}}]},"4":{"loc":{"start":{"line":80,"column":17},"end":{"line":80,"column":73}},"type":"cond-expr","locations":[{"start":{"line":80,"column":42},"end":{"line":80,"column":55}},{"start":{"line":80,"column":58},"end":{"line":80,"column":73}}]},"5":{"loc":{"start":{"line":95,"column":6},"end":{"line":100,"column":7}},"type":"if","locations":[{"start":{"line":95,"column":6},"end":{"line":100,"column":7}},{"start":{},"end":{}}]},"6":{"loc":{"start":{"line":102,"column":6},"end":{"line":107,"column":7}},"type":"if","locations":[{"start":{"line":102,"column":6},"end":{"line":107,"column":7}},{"start":{},"end":{}}]},"7":{"loc":{"start":{"line":117,"column":6},"end":{"line":119,"column":7}},"type":"if","locations":[{"start":{"line":117,"column":6},"end":{"line":119,"column":7}},{"start":{},"end":{}}]},"8":{"loc":{"start":{"line":117,"column":10},"end":{"line":117,"column":45}},"type":"binary-expr","locations":[{"start":{"line":117,"column":10},"end":{"line":117,"column":20}},{"start":{"line":117,"column":24},"end":{"line":117,"column":45}}]},"9":{"loc":{"start":{"line":134,"column":17},"end":{"line":134,"column":73}},"type":"cond-expr","locations":[{"start":{"line":134,"column":42},"end":{"line":134,"column":55}},{"start":{"line":134,"column":58},"end":{"line":134,"column":73}}]},"10":{"loc":{"start":{"line":148,"column":6},"end":{"line":153,"column":7}},"type":"if","locations":[{"start":{"line":148,"column":6},"end":{"line":153,"column":7}},{"start":{},"end":{}}]},"11":{"loc":{"start":{"line":157,"column":6},"end":{"line":162,"column":7}},"type":"if","locations":[{"start":{"line":157,"column":6},"end":{"line":162,"column":7}},{"start":{},"end":{}}]},"12":{"loc":{"start":{"line":174,"column":17},"end":{"line":174,"column":73}},"type":"cond-expr","locations":[{"start":{"line":174,"column":42},"end":{"line":174,"column":55}},{"start":{"line":174,"column":58},"end":{"line":174,"column":73}}]},"13":{"loc":{"start":{"line":189,"column":6},"end":{"line":194,"column":7}},"type":"if","locations":[{"start":{"line":189,"column":6},"end":{"line":194,"column":7}},{"start":{},"end":{}}]},"14":{"loc":{"start":{"line":205,"column":17},"end":{"line":205,"column":73}},"type":"cond-expr","locations":[{"start":{"line":205,"column":42},"end":{"line":205,"column":55}},{"start":{"line":205,"column":58},"end":{"line":205,"column":73}}]},"15":{"loc":{"start":{"line":219,"column":6},"end":{"line":224,"column":7}},"type":"if","locations":[{"start":{"line":219,"column":6},"end":{"line":224,"column":7}},{"start":{},"end":{}}]},"16":{"loc":{"start":{"line":240,"column":17},"end":{"line":240,"column":73}},"type":"cond-expr","locations":[{"start":{"line":240,"column":42},"end":{"line":240,"column":55}},{"start":{"line":240,"column":58},"end":{"line":240,"column":73}}]},"17":{"loc":{"start":{"line":255,"column":6},"end":{"line":260,"column":7}},"type":"if","locations":[{"start":{"line":255,"column":6},"end":{"line":260,"column":7}},{"start":{},"end":{}}]},"18":{"loc":{"start":{"line":271,"column":17},"end":{"line":271,"column":73}},"type":"cond-expr","locations":[{"start":{"line":271,"column":42},"end":{"line":271,"column":55}},{"start":{"line":271,"column":58},"end":{"line":271,"column":73}}]},"19":{"loc":{"start":{"line":285,"column":6},"end":{"line":290,"column":7}},"type":"if","locations":[{"start":{"line":285,"column":6},"end":{"line":290,"column":7}},{"start":{},"end":{}}]},"20":{"loc":{"start":{"line":306,"column":17},"end":{"line":306,"column":73}},"type":"cond-expr","locations":[{"start":{"line":306,"column":42},"end":{"line":306,"column":55}},{"start":{"line":306,"column":58},"end":{"line":306,"column":73}}]},"21":{"loc":{"start":{"line":331,"column":17},"end":{"line":331,"column":73}},"type":"cond-expr","locations":[{"start":{"line":331,"column":42},"end":{"line":331,"column":55}},{"start":{"line":331,"column":58},"end":{"line":331,"column":73}}]}},"s":{"0":1,"1":1,"2":1,"3":1,"4":1,"5":0,"6":0,"7":3,"8":3,"9":3,"10":3,"11":3,"12":1,"13":1,"14":0,"15":1,"16":2,"17":2,"18":1,"19":1,"20":0,"21":0,"22":4,"23":4,"24":4,"25":4,"26":1,"27":3,"28":1,"29":2,"30":2,"31":1,"32":2,"33":2,"34":0,"35":0,"36":0,"37":0,"38":0,"39":0,"40":0,"41":0,"42":0,"43":0,"44":0,"45":0,"46":0,"47":2,"48":2,"49":2,"50":2,"51":1,"52":1,"53":0,"54":0,"55":2,"56":2,"57":2,"58":2,"59":1,"60":1,"61":1,"62":1,"63":0,"64":0,"65":0,"66":0,"67":0,"68":0,"69":0,"70":0,"71":0,"72":0,"73":2,"74":2,"75":2,"76":2,"77":1,"78":1,"79":1,"80":1,"81":0,"82":0,"83":0,"84":0,"85":0,"86":0,"87":0,"88":0,"89":1},"f":{"0":1,"1":3,"2":4,"3":0,"4":2,"5":2,"6":0,"7":2,"8":0},"b":{"0":[0,0],"1":[1,2],"2":[0,1],"3":[1,1],"4":[0,0],"5":[1,3],"6":[1,2],"7":[1,1],"8":[2,1],"9":[0,0],"10":[0,0],"11":[0,0],"12":[0,0],"13":[1,1],"14":[0,0],"15":[1,1],"16":[0,0],"17":[0,0],"18":[0,0],"19":[1,1],"20":[0,0],"21":[0,0]}}
,"C:\\Users\\ACER\\Desktop\\live-sport-sphere\\backend\\src\\controllers\\tournamentController.ts": {"path":"C:\\Users\\ACER\\Desktop\\live-sport-sphere\\backend\\src\\controllers\\tournamentController.ts","statementMap":{"0":{"start":{"line":7,"column":0},"end":{"line":7,"column":60}},"1":{"start":{"line":11,"column":26},"end":{"line":11,"column":64}},"2":{"start":{"line":19,"column":4},"end":{"line":37,"column":5}},"3":{"start":{"line":21,"column":24},"end":{"line":21,"column":41}},"4":{"start":{"line":23,"column":26},"end":{"line":23,"column":72}},"5":{"start":{"line":25,"column":6},"end":{"line":29,"column":9}},"6":{"start":{"line":31,"column":6},"end":{"line":31,"column":58}},"7":{"start":{"line":32,"column":6},"end":{"line":36,"column":9}},"8":{"start":{"line":45,"column":4},"end":{"line":62,"column":5}},"9":{"start":{"line":46,"column":20},"end":{"line":46,"column":61}},"10":{"start":{"line":48,"column":26},"end":{"line":48,"column":68}},"11":{"start":{"line":50,"column":6},"end":{"line":54,"column":9}},"12":{"start":{"line":56,"column":6},"end":{"line":56,"column":65}},"13":{"start":{"line":57,"column":6},"end":{"line":61,"column":9}},"14":{"start":{"line":70,"column":4},"end":{"line":93,"column":5}},"15":{"start":{"line":71,"column":21},"end":{"line":71,"column":31}},"16":{"start":{"line":73,"column":25},"end":{"line":73,"column":59}},"17":{"start":{"line":75,"column":6},"end":{"line":80,"column":7}},"18":{"start":{"line":76,"column":8},"end":{"line":79,"column":11}},"19":{"start":{"line":82,"column":6},"end":{"line":85,"column":9}},"20":{"start":{"line":87,"column":6},"end":{"line":87,"column":57}},"21":{"start":{"line":88,"column":6},"end":{"line":92,"column":9}},"22":{"start":{"line":101,"column":4},"end":{"line":124,"column":5}},"23":{"start":{"line":102,"column":28},"end":{"line":102,"column":38}},"24":{"start":{"line":104,"column":25},"end":{"line":104,"column":73}},"25":{"start":{"line":106,"column":6},"end":{"line":111,"column":7}},"26":{"start":{"line":107,"column":8},"end":{"line":110,"column":11}},"27":{"start":{"line":113,"column":6},"end":{"line":116,"column":9}},"28":{"start":{"line":118,"column":6},"end":{"line":118,"column":71}},"29":{"start":{"line":119,"column":6},"end":{"line":123,"column":9}},"30":{"start":{"line":132,"column":4},"end":{"line":181,"column":5}},"31":{"start":{"line":133,"column":69},"end":{"line":133,"column":77}},"32":{"start":{"line":136,"column":6},"end":{"line":141,"column":7}},"33":{"start":{"line":137,"column":8},"end":{"line":140,"column":11}},"34":{"start":{"line":143,"column":6},"end":{"line":148,"column":7}},"35":{"start":{"line":144,"column":8},"end":{"line":147,"column":11}},"36":{"start":{"line":150,"column":27},"end":{"line":150,"column":109}},"37":{"start":{"line":151,"column":6},"end":{"line":157,"column":7}},"38":{"start":{"line":152,"column":8},"end":{"line":156,"column":11}},"39":{"start":{"line":160,"column":24},"end":{"line":160,"column":41}},"40":{"start":{"line":162,"column":25},"end":{"line":166,"column":null}},"41":{"start":{"line":169,"column":6},"end":{"line":173,"column":9}},"42":{"start":{"line":175,"column":6},"end":{"line":175,"column":57}},"43":{"start":{"line":176,"column":6},"end":{"line":180,"column":9}},"44":{"start":{"line":189,"column":4},"end":{"line":232,"column":5}},"45":{"start":{"line":190,"column":21},"end":{"line":190,"column":31}},"46":{"start":{"line":191,"column":69},"end":{"line":191,"column":77}},"47":{"start":{"line":194,"column":6},"end":{"line":199,"column":7}},"48":{"start":{"line":195,"column":8},"end":{"line":198,"column":11}},"49":{"start":{"line":206,"column":25},"end":{"line":210,"column":null}},"50":{"start":{"line":213,"column":6},"end":{"line":218,"column":7}},"51":{"start":{"line":214,"column":8},"end":{"line":217,"column":11}},"52":{"start":{"line":220,"column":6},"end":{"line":224,"column":9}},"53":{"start":{"line":226,"column":6},"end":{"line":226,"column":57}},"54":{"start":{"line":227,"column":6},"end":{"line":231,"column":9}},"55":{"start":{"line":240,"column":4},"end":{"line":281,"column":5}},"56":{"start":{"line":241,"column":21},"end":{"line":241,"column":31}},"57":{"start":{"line":242,"column":25},"end":{"line":242,"column":33}},"58":{"start":{"line":244,"column":6},"end":{"line":249,"column":7}},"59":{"start":{"line":245,"column":8},"end":{"line":248,"column":11}},"60":{"start":{"line":251,"column":28},"end":{"line":251,"column":59}},"61":{"start":{"line":252,"column":6},"end":{"line":258,"column":7}},"62":{"start":{"line":253,"column":8},"end":{"line":257,"column":11}},"63":{"start":{"line":260,"column":25},"end":{"line":260,"column":71}},"64":{"start":{"line":262,"column":6},"end":{"line":267,"column":7}},"65":{"start":{"line":263,"column":8},"end":{"line":266,"column":11}},"66":{"start":{"line":269,"column":6},"end":{"line":273,"column":9}},"67":{"start":{"line":275,"column":6},"end":{"line":275,"column":64}},"68":{"start":{"line":276,"column":6},"end":{"line":280,"column":9}},"69":{"start":{"line":289,"column":4},"end":{"line":314,"column":5}},"70":{"start":{"line":290,"column":21},"end":{"line":290,"column":31}},"71":{"start":{"line":294,"column":22},"end":{"line":294,"column":54}},"72":{"start":{"line":296,"column":6},"end":{"line":301,"column":7}},"73":{"start":{"line":297,"column":8},"end":{"line":300,"column":11}},"74":{"start":{"line":303,"column":6},"end":{"line":306,"column":9}},"75":{"start":{"line":308,"column":6},"end":{"line":308,"column":57}},"76":{"start":{"line":309,"column":6},"end":{"line":313,"column":9}},"77":{"start":{"line":322,"column":4},"end":{"line":346,"column":5}},"78":{"start":{"line":323,"column":20},"end":{"line":323,"column":41}},"79":{"start":{"line":325,"column":6},"end":{"line":330,"column":7}},"80":{"start":{"line":326,"column":8},"end":{"line":329,"column":11}},"81":{"start":{"line":332,"column":26},"end":{"line":332,"column":68}},"82":{"start":{"line":334,"column":6},"end":{"line":338,"column":9}},"83":{"start":{"line":340,"column":6},"end":{"line":340,"column":59}},"84":{"start":{"line":341,"column":6},"end":{"line":345,"column":9}},"85":{"start":{"line":13,"column":0},"end":{"line":13,"column":13}}},"fnMap":{"0":{"name":"(anonymous_0)","decl":{"start":{"line":18,"column":2},"end":{"line":18,"column":8}},"loc":{"start":{"line":18,"column":59},"end":{"line":38,"column":3}}},"1":{"name":"(anonymous_1)","decl":{"start":{"line":44,"column":2},"end":{"line":44,"column":8}},"loc":{"start":{"line":44,"column":63},"end":{"line":63,"column":3}}},"2":{"name":"(anonymous_2)","decl":{"start":{"line":69,"column":2},"end":{"line":69,"column":8}},"loc":{"start":{"line":69,"column":50},"end":{"line":94,"column":3}}},"3":{"name":"(anonymous_3)","decl":{"start":{"line":100,"column":2},"end":{"line":100,"column":8}},"loc":{"start":{"line":100,"column":57},"end":{"line":125,"column":3}}},"4":{"name":"(anonymous_4)","decl":{"start":{"line":131,"column":2},"end":{"line":131,"column":8}},"loc":{"start":{"line":131,"column":49},"end":{"line":182,"column":3}}},"5":{"name":"(anonymous_5)","decl":{"start":{"line":188,"column":2},"end":{"line":188,"column":8}},"loc":{"start":{"line":188,"column":49},"end":{"line":233,"column":3}}},"6":{"name":"(anonymous_6)","decl":{"start":{"line":239,"column":2},"end":{"line":239,"column":8}},"loc":{"start":{"line":239,"column":55},"end":{"line":282,"column":3}}},"7":{"name":"(anonymous_7)","decl":{"start":{"line":288,"column":2},"end":{"line":288,"column":8}},"loc":{"start":{"line":288,"column":49},"end":{"line":315,"column":3}}},"8":{"name":"(anonymous_8)","decl":{"start":{"line":321,"column":2},"end":{"line":321,"column":8}},"loc":{"start":{"line":321,"column":49},"end":{"line":347,"column":3}}}},"branchMap":{"0":{"loc":{"start":{"line":35,"column":17},"end":{"line":35,"column":73}},"type":"cond-expr","locations":[{"start":{"line":35,"column":42},"end":{"line":35,"column":55}},{"start":{"line":35,"column":58},"end":{"line":35,"column":73}}]},"1":{"loc":{"start":{"line":46,"column":20},"end":{"line":46,"column":61}},"type":"binary-expr","locations":[{"start":{"line":46,"column":20},"end":{"line":46,"column":55}},{"start":{"line":46,"column":59},"end":{"line":46,"column":61}}]},"2":{"loc":{"start":{"line":60,"column":17},"end":{"line":60,"column":73}},"type":"cond-expr","locations":[{"start":{"line":60,"column":42},"end":{"line":60,"column":55}},{"start":{"line":60,"column":58},"end":{"line":60,"column":73}}]},"3":{"loc":{"start":{"line":75,"column":6},"end":{"line":80,"column":7}},"type":"if","locations":[{"start":{"line":75,"column":6},"end":{"line":80,"column":7}},{"start":{},"end":{}}]},"4":{"loc":{"start":{"line":91,"column":17},"end":{"line":91,"column":73}},"type":"cond-expr","locations":[{"start":{"line":91,"column":42},"end":{"line":91,"column":55}},{"start":{"line":91,"column":58},"end":{"line":91,"column":73}}]},"5":{"loc":{"start":{"line":106,"column":6},"end":{"line":111,"column":7}},"type":"if","locations":[{"start":{"line":106,"column":6},"end":{"line":111,"column":7}},{"start":{},"end":{}}]},"6":{"loc":{"start":{"line":122,"column":17},"end":{"line":122,"column":73}},"type":"cond-expr","locations":[{"start":{"line":122,"column":42},"end":{"line":122,"column":55}},{"start":{"line":122,"column":58},"end":{"line":122,"column":73}}]},"7":{"loc":{"start":{"line":136,"column":6},"end":{"line":141,"column":7}},"type":"if","locations":[{"start":{"line":136,"column":6},"end":{"line":141,"column":7}},{"start":{},"end":{}}]},"8":{"loc":{"start":{"line":136,"column":10},"end":{"line":136,"column":31}},"type":"binary-expr","locations":[{"start":{"line":136,"column":10},"end":{"line":136,"column":15}},{"start":{"line":136,"column":19},"end":{"line":136,"column":31}}]},"9":{"loc":{"start":{"line":143,"column":6},"end":{"line":148,"column":7}},"type":"if","locations":[{"start":{"line":143,"column":6},"end":{"line":148,"column":7}},{"start":{},"end":{}}]},"10":{"loc":{"start":{"line":151,"column":6},"end":{"line":157,"column":7}},"type":"if","locations":[{"start":{"line":151,"column":6},"end":{"line":157,"column":7}},{"start":{},"end":{}}]},"11":{"loc":{"start":{"line":166,"column":8},"end":{"line":166,"column":20}},"type":"binary-expr","locations":[{"start":{"line":166,"column":8},"end":{"line":166,"column":14}},{"start":{"line":166,"column":18},"end":{"line":166,"column":20}}]},"12":{"loc":{"start":{"line":179,"column":17},"end":{"line":179,"column":73}},"type":"cond-expr","locations":[{"start":{"line":179,"column":42},"end":{"line":179,"column":55}},{"start":{"line":179,"column":58},"end":{"line":179,"column":73}}]},"13":{"loc":{"start":{"line":194,"column":6},"end":{"line":199,"column":7}},"type":"if","locations":[{"start":{"line":194,"column":6},"end":{"line":199,"column":7}},{"start":{},"end":{}}]},"14":{"loc":{"start":{"line":194,"column":10},"end":{"line":194,"column":31}},"type":"binary-expr","locations":[{"start":{"line":194,"column":10},"end":{"line":194,"column":15}},{"start":{"line":194,"column":19},"end":{"line":194,"column":31}}]},"15":{"loc":{"start":{"line":210,"column":8},"end":{"line":210,"column":20}},"type":"binary-expr","locations":[{"start":{"line":210,"column":8},"end":{"line":210,"column":14}},{"start":{"line":210,"column":18},"end":{"line":210,"column":20}}]},"16":{"loc":{"start":{"line":213,"column":6},"end":{"line":218,"column":7}},"type":"if","locations":[{"start":{"line":213,"column":6},"end":{"line":218,"column":7}},{"start":{},"end":{}}]},"17":{"loc":{"start":{"line":230,"column":17},"end":{"line":230,"column":73}},"type":"cond-expr","locations":[{"start":{"line":230,"column":42},"end":{"line":230,"column":55}},{"start":{"line":230,"column":58},"end":{"line":230,"column":73}}]},"18":{"loc":{"start":{"line":244,"column":6},"end":{"line":249,"column":7}},"type":"if","locations":[{"start":{"line":244,"column":6},"end":{"line":249,"column":7}},{"start":{},"end":{}}]},"19":{"loc":{"start":{"line":252,"column":6},"end":{"line":258,"column":7}},"type":"if","locations":[{"start":{"line":252,"column":6},"end":{"line":258,"column":7}},{"start":{},"end":{}}]},"20":{"loc":{"start":{"line":262,"column":6},"end":{"line":267,"column":7}},"type":"if","locations":[{"start":{"line":262,"column":6},"end":{"line":267,"column":7}},{"start":{},"end":{}}]},"21":{"loc":{"start":{"line":279,"column":17},"end":{"line":279,"column":73}},"type":"cond-expr","locations":[{"start":{"line":279,"column":42},"end":{"line":279,"column":55}},{"start":{"line":279,"column":58},"end":{"line":279,"column":73}}]},"22":{"loc":{"start":{"line":296,"column":6},"end":{"line":301,"column":7}},"type":"if","locations":[{"start":{"line":296,"column":6},"end":{"line":301,"column":7}},{"start":{},"end":{}}]},"23":{"loc":{"start":{"line":312,"column":17},"end":{"line":312,"column":73}},"type":"cond-expr","locations":[{"start":{"line":312,"column":42},"end":{"line":312,"column":55}},{"start":{"line":312,"column":58},"end":{"line":312,"column":73}}]},"24":{"loc":{"start":{"line":325,"column":6},"end":{"line":330,"column":7}},"type":"if","locations":[{"start":{"line":325,"column":6},"end":{"line":330,"column":7}},{"start":{},"end":{}}]},"25":{"loc":{"start":{"line":325,"column":10},"end":{"line":325,"column":45}},"type":"binary-expr","locations":[{"start":{"line":325,"column":10},"end":{"line":325,"column":16}},{"start":{"line":325,"column":20},"end":{"line":325,"column":45}}]},"26":{"loc":{"start":{"line":344,"column":17},"end":{"line":344,"column":73}},"type":"cond-expr","locations":[{"start":{"line":344,"column":42},"end":{"line":344,"column":55}},{"start":{"line":344,"column":58},"end":{"line":344,"column":73}}]}},"s":{"0":1,"1":1,"2":3,"3":3,"4":3,"5":2,"6":1,"7":1,"8":2,"9":2,"10":2,"11":2,"12":0,"13":0,"14":2,"15":2,"16":2,"17":2,"18":1,"19":1,"20":0,"21":0,"22":2,"23":2,"24":2,"25":2,"26":1,"27":1,"28":0,"29":0,"30":11,"31":11,"32":11,"33":2,"34":9,"35":1,"36":8,"37":8,"38":1,"39":7,"40":7,"41":7,"42":0,"43":0,"44":0,"45":0,"46":0,"47":0,"48":0,"49":0,"50":0,"51":0,"52":0,"53":0,"54":0,"55":4,"56":4,"57":4,"58":4,"59":1,"60":3,"61":3,"62":1,"63":2,"64":2,"65":1,"66":1,"67":0,"68":0,"69":2,"70":2,"71":2,"72":2,"73":1,"74":1,"75":0,"76":0,"77":3,"78":3,"79":3,"80":2,"81":1,"82":1,"83":0,"84":0,"85":1},"f":{"0":3,"1":2,"2":2,"3":2,"4":11,"5":0,"6":4,"7":2,"8":3},"b":{"0":[1,0],"1":[2,1],"2":[0,0],"3":[1,1],"4":[0,0],"5":[1,1],"6":[0,0],"7":[2,9],"8":[11,10],"9":[1,8],"10":[1,7],"11":[7,6],"12":[0,0],"13":[0,0],"14":[0,0],"15":[0,0],"16":[0,0],"17":[0,0],"18":[1,3],"19":[1,2],"20":[1,1],"21":[0,0],"22":[1,1],"23":[0,0],"24":[2,1],"25":[3,2],"26":[0,0]}}
,"C:\\Users\\ACER\\Desktop\\live-sport-sphere\\backend\\src\\models\\matchModel.ts": {"path":"C:\\Users\\ACER\\Desktop\\live-sport-sphere\\backend\\src\\models\\matchModel.ts","statementMap":{"0":{"start":{"line":1,"column":0},"end":{"line":1,"column":43}},"1":{"start":{"line":5,"column":19},"end":{"line":15,"column":null}},"2":{"start":{"line":17,"column":4},"end":{"line":17,"column":23}},"3":{"start":{"line":21,"column":19},"end":{"line":29,"column":null}},"4":{"start":{"line":31,"column":4},"end":{"line":31,"column":34}},"5":{"start":{"line":35,"column":19},"end":{"line":37,"column":null}},"6":{"start":{"line":39,"column":4},"end":{"line":39,"column":34}},"7":{"start":{"line":43,"column":19},"end":{"line":45,"column":null}},"8":{"start":{"line":47,"column":4},"end":{"line":47,"column":34}},"9":{"start":{"line":51,"column":18},"end":{"line":51,"column":104}},"10":{"start":{"line":52,"column":4},"end":{"line":52,"column":36}},"11":{"start":{"line":52,"column":24},"end":{"line":52,"column":36}},"12":{"start":{"line":54,"column":43},"end":{"line":54,"column":56}},"13":{"start":{"line":56,"column":24},"end":{"line":60,"column":null}},"14":{"start":{"line":63,"column":24},"end":{"line":67,"column":null}},"15":{"start":{"line":70,"column":4},"end":{"line":73,"column":6}},"16":{"start":{"line":77,"column":19},"end":{"line":84,"column":null}},"17":{"start":{"line":86,"column":4},"end":{"line":86,"column":23}},"18":{"start":{"line":90,"column":19},"end":{"line":92,"column":null}},"19":{"start":{"line":94,"column":4},"end":{"line":94,"column":26}},"20":{"start":{"line":98,"column":19},"end":{"line":105,"column":null}},"21":{"start":{"line":107,"column":4},"end":{"line":107,"column":23}},"22":{"start":{"line":111,"column":19},"end":{"line":113,"column":null}},"23":{"start":{"line":115,"column":4},"end":{"line":115,"column":26}},"24":{"start":{"line":119,"column":19},"end":{"line":130,"column":null}},"25":{"start":{"line":132,"column":4},"end":{"line":132,"column":23}},"26":{"start":{"line":136,"column":19},"end":{"line":138,"column":null}},"27":{"start":{"line":140,"column":4},"end":{"line":140,"column":26}},"28":{"start":{"line":144,"column":19},"end":{"line":151,"column":null}},"29":{"start":{"line":153,"column":4},"end":{"line":153,"column":23}},"30":{"start":{"line":3,"column":0},"end":{"line":3,"column":13}}},"fnMap":{"0":{"name":"(anonymous_0)","decl":{"start":{"line":4,"column":2},"end":{"line":4,"column":8}},"loc":{"start":{"line":4,"column":54},"end":{"line":18,"column":3}}},"1":{"name":"(anonymous_1)","decl":{"start":{"line":20,"column":2},"end":{"line":20,"column":8}},"loc":{"start":{"line":20,"column":39},"end":{"line":32,"column":3}}},"2":{"name":"(anonymous_2)","decl":{"start":{"line":34,"column":2},"end":{"line":34,"column":8}},"loc":{"start":{"line":34,"column":81},"end":{"line":40,"column":3}}},"3":{"name":"(anonymous_3)","decl":{"start":{"line":42,"column":2},"end":{"line":42,"column":8}},"loc":{"start":{"line":42,"column":59},"end":{"line":48,"column":3}}},"4":{"name":"(anonymous_4)","decl":{"start":{"line":50,"column":2},"end":{"line":50,"column":8}},"loc":{"start":{"line":50,"column":44},"end":{"line":74,"column":3}}},"5":{"name":"(anonymous_5)","decl":{"start":{"line":76,"column":2},"end":{"line":76,"column":8}},"loc":{"start":{"line":76,"column":45},"end":{"line":87,"column":3}}},"6":{"name":"(anonymous_6)","decl":{"start":{"line":89,"column":2},"end":{"line":89,"column":8}},"loc":{"start":{"line":89,"column":106},"end":{"line":95,"column":3}}},"7":{"name":"(anonymous_7)","decl":{"start":{"line":97,"column":2},"end":{"line":97,"column":8}},"loc":{"start":{"line":97,"column":44},"end":{"line":108,"column":3}}},"8":{"name":"(anonymous_8)","decl":{"start":{"line":110,"column":2},"end":{"line":110,"column":8}},"loc":{"start":{"line":110,"column":107},"end":{"line":116,"column":3}}},"9":{"name":"(anonymous_9)","decl":{"start":{"line":118,"column":2},"end":{"line":118,"column":8}},"loc":{"start":{"line":118,"column":47},"end":{"line":133,"column":3}}},"10":{"name":"(anonymous_10)","decl":{"start":{"line":135,"column":2},"end":{"line":135,"column":8}},"loc":{"start":{"line":135,"column":120},"end":{"line":141,"column":3}}},"11":{"name":"(anonymous_11)","decl":{"start":{"line":143,"column":2},"end":{"line":143,"column":8}},"loc":{"start":{"line":143,"column":60},"end":{"line":154,"column":3}}}},"branchMap":{"0":{"loc":{"start":{"line":31,"column":11},"end":{"line":31,"column":33}},"type":"binary-expr","locations":[{"start":{"line":31,"column":11},"end":{"line":31,"column":25}},{"start":{"line":31,"column":29},"end":{"line":31,"column":33}}]},"1":{"loc":{"start":{"line":39,"column":11},"end":{"line":39,"column":33}},"type":"binary-expr","locations":[{"start":{"line":39,"column":11},"end":{"line":39,"column":25}},{"start":{"line":39,"column":29},"end":{"line":39,"column":33}}]},"2":{"loc":{"start":{"line":47,"column":11},"end":{"line":47,"column":33}},"type":"binary-expr","locations":[{"start":{"line":47,"column":11},"end":{"line":47,"column":25}},{"start":{"line":47,"column":29},"end":{"line":47,"column":33}}]},"3":{"loc":{"start":{"line":52,"column":4},"end":{"line":52,"column":36}},"type":"if","locations":[{"start":{"line":52,"column":4},"end":{"line":52,"column":36}},{"start":{},"end":{}}]},"4":{"loc":{"start":{"line":89,"column":80},"end":{"line":89,"column":106}},"type":"default-arg","locations":[{"start":{"line":89,"column":101},"end":{"line":89,"column":106}}]},"5":{"loc":{"start":{"line":113,"column":44},"end":{"line":113,"column":58}},"type":"binary-expr","locations":[{"start":{"line":113,"column":44},"end":{"line":113,"column":50}},{"start":{"line":113,"column":54},"end":{"line":113,"column":58}}]},"6":{"loc":{"start":{"line":138,"column":49},"end":{"line":138,"column":63}},"type":"binary-expr","locations":[{"start":{"line":138,"column":49},"end":{"line":138,"column":55}},{"start":{"line":138,"column":59},"end":{"line":138,"column":63}}]}},"s":{"0":1,"1":0,"2":0,"3":0,"4":0,"5":0,"6":0,"7":0,"8":0,"9":0,"10":0,"11":0,"12":0,"13":0,"14":0,"15":0,"16":0,"17":0,"18":0,"19":0,"20":0,"21":0,"22":0,"23":0,"24":0,"25":0,"26":0,"27":0,"28":0,"29":0,"30":1},"f":{"0":0,"1":0,"2":0,"3":0,"4":0,"5":0,"6":0,"7":0,"8":0,"9":0,"10":0,"11":0},"b":{"0":[0,0],"1":[0,0],"2":[0,0],"3":[0,0],"4":[0],"5":[0,0],"6":[0,0]}}
,"C:\\Users\\ACER\\Desktop\\live-sport-sphere\\backend\\src\\models\\playerModel.ts": {"path":"C:\\Users\\ACER\\Desktop\\live-sport-sphere\\backend\\src\\models\\playerModel.ts","statementMap":{"0":{"start":{"line":6,"column":0},"end":{"line":6,"column":42}},"1":{"start":{"line":14,"column":19},"end":{"line":19,"column":null}},"2":{"start":{"line":22,"column":4},"end":{"line":22,"column":23}},"3":{"start":{"line":29,"column":19},"end":{"line":33,"column":null}},"4":{"start":{"line":36,"column":4},"end":{"line":36,"column":34}},"5":{"start":{"line":47,"column":19},"end":{"line":51,"column":null}},"6":{"start":{"line":54,"column":4},"end":{"line":54,"column":26}},"7":{"start":{"line":65,"column":19},"end":{"line":70,"column":null}},"8":{"start":{"line":73,"column":4},"end":{"line":73,"column":34}},"9":{"start":{"line":80,"column":19},"end":{"line":82,"column":null}},"10":{"start":{"line":85,"column":4},"end":{"line":85,"column":59}},"11":{"start":{"line":92,"column":19},"end":{"line":105,"column":null}},"12":{"start":{"line":108,"column":4},"end":{"line":108,"column":34}},"13":{"start":{"line":115,"column":23},"end":{"line":115,"column":35}},"14":{"start":{"line":116,"column":19},"end":{"line":126,"column":null}},"15":{"start":{"line":129,"column":4},"end":{"line":129,"column":23}},"16":{"start":{"line":9,"column":0},"end":{"line":9,"column":13}}},"fnMap":{"0":{"name":"(anonymous_0)","decl":{"start":{"line":13,"column":2},"end":{"line":13,"column":8}},"loc":{"start":{"line":13,"column":46},"end":{"line":23,"column":3}}},"1":{"name":"(anonymous_1)","decl":{"start":{"line":28,"column":2},"end":{"line":28,"column":8}},"loc":{"start":{"line":28,"column":40},"end":{"line":37,"column":3}}},"2":{"name":"(anonymous_2)","decl":{"start":{"line":42,"column":2},"end":{"line":42,"column":8}},"loc":{"start":{"line":45,"column":20},"end":{"line":55,"column":3}}},"3":{"name":"(anonymous_3)","decl":{"start":{"line":60,"column":2},"end":{"line":60,"column":8}},"loc":{"start":{"line":63,"column":20},"end":{"line":74,"column":3}}},"4":{"name":"(anonymous_4)","decl":{"start":{"line":79,"column":2},"end":{"line":79,"column":8}},"loc":{"start":{"line":79,"column":38},"end":{"line":86,"column":3}}},"5":{"name":"(anonymous_5)","decl":{"start":{"line":91,"column":2},"end":{"line":91,"column":8}},"loc":{"start":{"line":91,"column":40},"end":{"line":109,"column":3}}},"6":{"name":"(anonymous_6)","decl":{"start":{"line":114,"column":2},"end":{"line":114,"column":8}},"loc":{"start":{"line":114,"column":54},"end":{"line":130,"column":3}}}},"branchMap":{"0":{"loc":{"start":{"line":36,"column":11},"end":{"line":36,"column":33}},"type":"binary-expr","locations":[{"start":{"line":36,"column":11},"end":{"line":36,"column":25}},{"start":{"line":36,"column":29},"end":{"line":36,"column":33}}]},"1":{"loc":{"start":{"line":73,"column":11},"end":{"line":73,"column":33}},"type":"binary-expr","locations":[{"start":{"line":73,"column":11},"end":{"line":73,"column":25}},{"start":{"line":73,"column":29},"end":{"line":73,"column":33}}]},"2":{"loc":{"start":{"line":85,"column":11},"end":{"line":85,"column":58}},"type":"binary-expr","locations":[{"start":{"line":85,"column":11},"end":{"line":85,"column":35}},{"start":{"line":85,"column":39},"end":{"line":85,"column":58}}]},"3":{"loc":{"start":{"line":108,"column":11},"end":{"line":108,"column":33}},"type":"binary-expr","locations":[{"start":{"line":108,"column":11},"end":{"line":108,"column":25}},{"start":{"line":108,"column":29},"end":{"line":108,"column":33}}]}},"s":{"0":1,"1":0,"2":0,"3":0,"4":0,"5":0,"6":0,"7":0,"8":0,"9":0,"10":0,"11":0,"12":0,"13":0,"14":0,"15":0,"16":1},"f":{"0":0,"1":0,"2":0,"3":0,"4":0,"5":0,"6":0},"b":{"0":[0,0],"1":[0,0],"2":[0,0],"3":[0,0]}}
,"C:\\Users\\ACER\\Desktop\\live-sport-sphere\\backend\\src\\models\\teamModel.ts": {"path":"C:\\Users\\ACER\\Desktop\\live-sport-sphere\\backend\\src\\models\\teamModel.ts","statementMap":{"0":{"start":{"line":6,"column":0},"end":{"line":6,"column":42}},"1":{"start":{"line":14,"column":19},"end":{"line":19,"column":null}},"2":{"start":{"line":22,"column":4},"end":{"line":22,"column":23}},"3":{"start":{"line":29,"column":19},"end":{"line":33,"column":null}},"4":{"start":{"line":36,"column":4},"end":{"line":36,"column":34}},"5":{"start":{"line":43,"column":23},"end":{"line":47,"column":null}},"6":{"start":{"line":50,"column":4},"end":{"line":50,"column":50}},"7":{"start":{"line":50,"column":38},"end":{"line":50,"column":50}},"8":{"start":{"line":52,"column":17},"end":{"line":52,"column":35}},"9":{"start":{"line":55,"column":26},"end":{"line":61,"column":null}},"10":{"start":{"line":64,"column":4},"end":{"line":67,"column":6}},"11":{"start":{"line":78,"column":19},"end":{"line":82,"column":null}},"12":{"start":{"line":85,"column":4},"end":{"line":85,"column":26}},"13":{"start":{"line":96,"column":19},"end":{"line":101,"column":null}},"14":{"start":{"line":104,"column":4},"end":{"line":104,"column":34}},"15":{"start":{"line":111,"column":19},"end":{"line":113,"column":null}},"16":{"start":{"line":116,"column":4},"end":{"line":116,"column":59}},"17":{"start":{"line":123,"column":4},"end":{"line":128,"column":6}},"18":{"start":{"line":135,"column":19},"end":{"line":138,"column":null}},"19":{"start":{"line":141,"column":4},"end":{"line":141,"column":59}},"20":{"start":{"line":148,"column":19},"end":{"line":148,"column":39}},"21":{"start":{"line":150,"column":4},"end":{"line":177,"column":5}},"22":{"start":{"line":151,"column":6},"end":{"line":151,"column":34}},"23":{"start":{"line":154,"column":6},"end":{"line":157,"column":8}},"24":{"start":{"line":160,"column":6},"end":{"line":169,"column":7}},"25":{"start":{"line":161,"column":23},"end":{"line":163,"column":20}},"26":{"start":{"line":162,"column":10},"end":{"line":162,"column":31}},"27":{"start":{"line":165,"column":8},"end":{"line":168,"column":10}},"28":{"start":{"line":171,"column":6},"end":{"line":171,"column":35}},"29":{"start":{"line":173,"column":6},"end":{"line":173,"column":37}},"30":{"start":{"line":174,"column":6},"end":{"line":174,"column":18}},"31":{"start":{"line":176,"column":6},"end":{"line":176,"column":23}},"32":{"start":{"line":184,"column":19},"end":{"line":190,"column":null}},"33":{"start":{"line":193,"column":4},"end":{"line":193,"column":23}},"34":{"start":{"line":9,"column":0},"end":{"line":9,"column":13}}},"fnMap":{"0":{"name":"(anonymous_0)","decl":{"start":{"line":13,"column":2},"end":{"line":13,"column":8}},"loc":{"start":{"line":13,"column":52},"end":{"line":23,"column":3}}},"1":{"name":"(anonymous_1)","decl":{"start":{"line":28,"column":2},"end":{"line":28,"column":8}},"loc":{"start":{"line":28,"column":38},"end":{"line":37,"column":3}}},"2":{"name":"(anonymous_2)","decl":{"start":{"line":42,"column":2},"end":{"line":42,"column":8}},"loc":{"start":{"line":42,"column":49},"end":{"line":68,"column":3}}},"3":{"name":"(anonymous_3)","decl":{"start":{"line":73,"column":2},"end":{"line":73,"column":8}},"loc":{"start":{"line":76,"column":20},"end":{"line":86,"column":3}}},"4":{"name":"(anonymous_4)","decl":{"start":{"line":91,"column":2},"end":{"line":91,"column":8}},"loc":{"start":{"line":94,"column":20},"end":{"line":105,"column":3}}},"5":{"name":"(anonymous_5)","decl":{"start":{"line":110,"column":2},"end":{"line":110,"column":8}},"loc":{"start":{"line":110,"column":36},"end":{"line":117,"column":3}}},"6":{"name":"(anonymous_6)","decl":{"start":{"line":122,"column":2},"end":{"line":122,"column":8}},"loc":{"start":{"line":122,"column":57},"end":{"line":129,"column":3}}},"7":{"name":"(anonymous_7)","decl":{"start":{"line":134,"column":2},"end":{"line":134,"column":8}},"loc":{"start":{"line":134,"column":60},"end":{"line":142,"column":3}}},"8":{"name":"(anonymous_8)","decl":{"start":{"line":147,"column":2},"end":{"line":147,"column":8}},"loc":{"start":{"line":147,"column":61},"end":{"line":178,"column":3}}},"9":{"name":"(anonymous_9)","decl":{"start":{"line":161,"column":37},"end":{"line":161,"column":38}},"loc":{"start":{"line":162,"column":10},"end":{"line":162,"column":31}}},"10":{"name":"(anonymous_10)","decl":{"start":{"line":183,"column":2},"end":{"line":183,"column":8}},"loc":{"start":{"line":183,"column":40},"end":{"line":194,"column":3}}}},"branchMap":{"0":{"loc":{"start":{"line":36,"column":11},"end":{"line":36,"column":33}},"type":"binary-expr","locations":[{"start":{"line":36,"column":11},"end":{"line":36,"column":25}},{"start":{"line":36,"column":29},"end":{"line":36,"column":33}}]},"1":{"loc":{"start":{"line":50,"column":4},"end":{"line":50,"column":50}},"type":"if","locations":[{"start":{"line":50,"column":4},"end":{"line":50,"column":50}},{"start":{},"end":{}}]},"2":{"loc":{"start":{"line":82,"column":27},"end":{"line":82,"column":42}},"type":"binary-expr","locations":[{"start":{"line":82,"column":27},"end":{"line":82,"column":34}},{"start":{"line":82,"column":38},"end":{"line":82,"column":42}}]},"3":{"loc":{"start":{"line":101,"column":13},"end":{"line":101,"column":28}},"type":"binary-expr","locations":[{"start":{"line":101,"column":13},"end":{"line":101,"column":20}},{"start":{"line":101,"column":24},"end":{"line":101,"column":28}}]},"4":{"loc":{"start":{"line":104,"column":11},"end":{"line":104,"column":33}},"type":"binary-expr","locations":[{"start":{"line":104,"column":11},"end":{"line":104,"column":25}},{"start":{"line":104,"column":29},"end":{"line":104,"column":33}}]},"5":{"loc":{"start":{"line":116,"column":11},"end":{"line":116,"column":58}},"type":"binary-expr","locations":[{"start":{"line":116,"column":11},"end":{"line":116,"column":35}},{"start":{"line":116,"column":39},"end":{"line":116,"column":58}}]},"6":{"loc":{"start":{"line":141,"column":11},"end":{"line":141,"column":58}},"type":"binary-expr","locations":[{"start":{"line":141,"column":11},"end":{"line":141,"column":35}},{"start":{"line":141,"column":39},"end":{"line":141,"column":58}}]},"7":{"loc":{"start":{"line":160,"column":6},"end":{"line":169,"column":7}},"type":"if","locations":[{"start":{"line":160,"column":6},"end":{"line":169,"column":7}},{"start":{},"end":{}}]}},"s":{"0":1,"1":0,"2":0,"3":0,"4":0,"5":0,"6":0,"7":0,"8":0,"9":0,"10":0,"11":0,"12":0,"13":0,"14":0,"15":0,"16":0,"17":0,"18":0,"19":0,"20":0,"21":0,"22":0,"23":0,"24":0,"25":0,"26":0,"27":0,"28":0,"29":0,"30":0,"31":0,"32":0,"33":0,"34":1},"f":{"0":0,"1":0,"2":0,"3":0,"4":0,"5":0,"6":0,"7":0,"8":0,"9":0,"10":0},"b":{"0":[0,0],"1":[0,0],"2":[0,0],"3":[0,0],"4":[0,0],"5":[0,0],"6":[0,0],"7":[0,0]}}
,"C:\\Users\\ACER\\Desktop\\live-sport-sphere\\backend\\src\\models\\tournamentModel.ts": {"path":"C:\\Users\\ACER\\Desktop\\live-sport-sphere\\backend\\src\\models\\tournamentModel.ts","statementMap":{"0":{"start":{"line":6,"column":0},"end":{"line":6,"column":42}},"1":{"start":{"line":8,"column":0},"end":{"line":8,"column":58}},"2":{"start":{"line":15,"column":19},"end":{"line":20,"column":null}},"3":{"start":{"line":23,"column":4},"end":{"line":23,"column":23}},"4":{"start":{"line":30,"column":19},"end":{"line":36,"column":null}},"5":{"start":{"line":39,"column":4},"end":{"line":39,"column":23}},"6":{"start":{"line":46,"column":19},"end":{"line":50,"column":null}},"7":{"start":{"line":53,"column":4},"end":{"line":53,"column":34}},"8":{"start":{"line":60,"column":19},"end":{"line":64,"column":null}},"9":{"start":{"line":67,"column":4},"end":{"line":67,"column":34}},"10":{"start":{"line":80,"column":20},"end":{"line":80,"column":39}},"11":{"start":{"line":81,"column":19},"end":{"line":81,"column":20}},"12":{"start":{"line":82,"column":24},"end":{"line":82,"column":26}},"13":{"start":{"line":85,"column":4},"end":{"line":90,"column":5}},"14":{"start":{"line":86,"column":23},"end":{"line":86,"column":60}},"15":{"start":{"line":87,"column":6},"end":{"line":87,"column":27}},"16":{"start":{"line":87,"column":21},"end":{"line":87,"column":27}},"17":{"start":{"line":88,"column":6},"end":{"line":88,"column":38}},"18":{"start":{"line":89,"column":6},"end":{"line":89,"column":17}},"19":{"start":{"line":92,"column":4},"end":{"line":94,"column":5}},"20":{"start":{"line":93,"column":6},"end":{"line":93,"column":62}},"21":{"start":{"line":96,"column":19},"end":{"line":100,"column":null}},"22":{"start":{"line":103,"column":4},"end":{"line":103,"column":26}},"23":{"start":{"line":115,"column":19},"end":{"line":120,"column":null}},"24":{"start":{"line":123,"column":4},"end":{"line":123,"column":34}},"25":{"start":{"line":133,"column":19},"end":{"line":138,"column":null}},"26":{"start":{"line":141,"column":4},"end":{"line":141,"column":34}},"27":{"start":{"line":148,"column":19},"end":{"line":150,"column":null}},"28":{"start":{"line":153,"column":4},"end":{"line":153,"column":59}},"29":{"start":{"line":160,"column":19},"end":{"line":162,"column":null}},"30":{"start":{"line":165,"column":4},"end":{"line":165,"column":34}},"31":{"start":{"line":172,"column":23},"end":{"line":172,"column":35}},"32":{"start":{"line":173,"column":19},"end":{"line":180,"column":null}},"33":{"start":{"line":183,"column":4},"end":{"line":183,"column":23}},"34":{"start":{"line":10,"column":0},"end":{"line":10,"column":13}}},"fnMap":{"0":{"name":"(anonymous_0)","decl":{"start":{"line":14,"column":2},"end":{"line":14,"column":8}},"loc":{"start":{"line":14,"column":46},"end":{"line":24,"column":3}}},"1":{"name":"(anonymous_1)","decl":{"start":{"line":29,"column":2},"end":{"line":29,"column":8}},"loc":{"start":{"line":29,"column":47},"end":{"line":40,"column":3}}},"2":{"name":"(anonymous_2)","decl":{"start":{"line":45,"column":2},"end":{"line":45,"column":8}},"loc":{"start":{"line":45,"column":44},"end":{"line":54,"column":3}}},"3":{"name":"(anonymous_3)","decl":{"start":{"line":59,"column":2},"end":{"line":59,"column":8}},"loc":{"start":{"line":59,"column":48},"end":{"line":68,"column":3}}},"4":{"name":"(anonymous_4)","decl":{"start":{"line":73,"column":2},"end":{"line":73,"column":8}},"loc":{"start":{"line":77,"column":28},"end":{"line":104,"column":3}}},"5":{"name":"(anonymous_5)","decl":{"start":{"line":109,"column":2},"end":{"line":109,"column":8}},"loc":{"start":{"line":113,"column":28},"end":{"line":124,"column":3}}},"6":{"name":"(anonymous_6)","decl":{"start":{"line":129,"column":2},"end":{"line":129,"column":8}},"loc":{"start":{"line":131,"column":28},"end":{"line":142,"column":3}}},"7":{"name":"(anonymous_7)","decl":{"start":{"line":147,"column":2},"end":{"line":147,"column":8}},"loc":{"start":{"line":147,"column":42},"end":{"line":154,"column":3}}},"8":{"name":"(anonymous_8)","decl":{"start":{"line":159,"column":2},"end":{"line":159,"column":8}},"loc":{"start":{"line":159,"column":61},"end":{"line":166,"column":3}}},"9":{"name":"(anonymous_9)","decl":{"start":{"line":171,"column":2},"end":{"line":171,"column":8}},"loc":{"start":{"line":171,"column":55},"end":{"line":184,"column":3}}}},"branchMap":{"0":{"loc":{"start":{"line":29,"column":29},"end":{"line":29,"column":47}},"type":"default-arg","locations":[{"start":{"line":29,"column":45},"end":{"line":29,"column":47}}]},"1":{"loc":{"start":{"line":53,"column":11},"end":{"line":53,"column":33}},"type":"binary-expr","locations":[{"start":{"line":53,"column":11},"end":{"line":53,"column":25}},{"start":{"line":53,"column":29},"end":{"line":53,"column":33}}]},"2":{"loc":{"start":{"line":67,"column":11},"end":{"line":67,"column":33}},"type":"binary-expr","locations":[{"start":{"line":67,"column":11},"end":{"line":67,"column":25}},{"start":{"line":67,"column":29},"end":{"line":67,"column":33}}]},"3":{"loc":{"start":{"line":87,"column":6},"end":{"line":87,"column":27}},"type":"if","locations":[{"start":{"line":87,"column":6},"end":{"line":87,"column":27}},{"start":{},"end":{}}]},"4":{"loc":{"start":{"line":92,"column":4},"end":{"line":94,"column":5}},"type":"if","locations":[{"start":{"line":92,"column":4},"end":{"line":94,"column":5}},{"start":{},"end":{}}]},"5":{"loc":{"start":{"line":123,"column":11},"end":{"line":123,"column":33}},"type":"binary-expr","locations":[{"start":{"line":123,"column":11},"end":{"line":123,"column":25}},{"start":{"line":123,"column":29},"end":{"line":123,"column":33}}]},"6":{"loc":{"start":{"line":141,"column":11},"end":{"line":141,"column":33}},"type":"binary-expr","locations":[{"start":{"line":141,"column":11},"end":{"line":141,"column":25}},{"start":{"line":141,"column":29},"end":{"line":141,"column":33}}]},"7":{"loc":{"start":{"line":153,"column":11},"end":{"line":153,"column":58}},"type":"binary-expr","locations":[{"start":{"line":153,"column":11},"end":{"line":153,"column":35}},{"start":{"line":153,"column":39},"end":{"line":153,"column":58}}]},"8":{"loc":{"start":{"line":171,"column":37},"end":{"line":171,"column":55}},"type":"default-arg","locations":[{"start":{"line":171,"column":53},"end":{"line":171,"column":55}}]}},"s":{"0":1,"1":1,"2":0,"3":0,"4":0,"5":0,"6":0,"7":0,"8":0,"9":0,"10":0,"11":0,"12":0,"13":0,"14":0,"15":0,"16":0,"17":0,"18":0,"19":0,"20":0,"21":0,"22":0,"23":0,"24":0,"25":0,"26":0,"27":0,"28":0,"29":0,"30":0,"31":0,"32":0,"33":0,"34":1},"f":{"0":0,"1":0,"2":0,"3":0,"4":0,"5":0,"6":0,"7":0,"8":0,"9":0},"b":{"0":[0],"1":[0,0],"2":[0,0],"3":[0,0],"4":[0,0],"5":[0,0],"6":[0,0],"7":[0,0],"8":[0]}}
,"C:\\Users\\ACER\\Desktop\\live-sport-sphere\\backend\\src\\utils\\generateCode.ts": {"path":"C:\\Users\\ACER\\Desktop\\live-sport-sphere\\backend\\src\\utils\\generateCode.ts","statementMap":{"0":{"start":{"line":8,"column":0},"end":{"line":8,"column":16}},"1":{"start":{"line":20,"column":0},"end":{"line":20,"column":16}},"2":{"start":{"line":6,"column":14},"end":{"line":6,"column":47}},"3":{"start":{"line":9,"column":13},"end":{"line":9,"column":15}},"4":{"start":{"line":10,"column":2},"end":{"line":13,"column":3}},"5":{"start":{"line":10,"column":15},"end":{"line":10,"column":16}},"6":{"start":{"line":11,"column":24},"end":{"line":11,"column":64}},"7":{"start":{"line":12,"column":4},"end":{"line":12,"column":31}},"8":{"start":{"line":14,"column":2},"end":{"line":14,"column":14}},"9":{"start":{"line":21,"column":2},"end":{"line":21,"column":38}},"10":{"start":{"line":21,"column":25},"end":{"line":21,"column":38}},"11":{"start":{"line":22,"column":2},"end":{"line":22,"column":36}}},"fnMap":{"0":{"name":"generateShareCode","decl":{"start":{"line":8,"column":16},"end":{"line":8,"column":33}},"loc":{"start":{"line":8,"column":52},"end":{"line":15,"column":1}}},"1":{"name":"isValidShareCode","decl":{"start":{"line":20,"column":16},"end":{"line":20,"column":32}},"loc":{"start":{"line":20,"column":45},"end":{"line":23,"column":1}}}},"branchMap":{"0":{"loc":{"start":{"line":8,"column":34},"end":{"line":8,"column":52}},"type":"default-arg","locations":[{"start":{"line":8,"column":51},"end":{"line":8,"column":52}}]},"1":{"loc":{"start":{"line":21,"column":2},"end":{"line":21,"column":38}},"type":"if","locations":[{"start":{"line":21,"column":2},"end":{"line":21,"column":38}},{"start":{},"end":{}}]}},"s":{"0":2,"1":2,"2":2,"3":202,"4":202,"5":202,"6":1620,"7":1620,"8":202,"9":9,"10":3,"11":6},"f":{"0":202,"1":9},"b":{"0":[201],"1":[3,6]}}
}
