TN:
SF:src\config\database.ts
FN:38,(anonymous_1)
FN:42,(anonymous_2)
FN:48,(anonymous_3)
FNF:3
FNH:0
FNDA:0,(anonymous_1)
FNDA:0,(anonymous_2)
FNDA:0,(anonymous_3)
DA:6,4
DA:7,4
DA:9,4
DA:11,4
DA:35,4
DA:38,4
DA:39,0
DA:42,4
DA:43,0
DA:44,0
DA:48,4
DA:49,0
DA:50,0
DA:51,0
DA:52,0
DA:54,0
DA:55,0
DA:58,0
DA:60,0
DA:61,0
DA:65,4
LF:21
LH:9
BRDA:11,0,0,0
BRDA:11,0,1,4
BRDA:15,1,0,0
BRDA:15,1,1,0
BRDA:16,2,0,0
BRDA:16,2,1,0
BRDA:17,3,0,0
BRDA:17,3,1,0
BRDA:24,4,0,4
BRDA:24,4,1,4
BRDA:25,5,0,4
BRDA:25,5,1,4
BRDA:26,6,0,4
BRDA:26,6,1,4
BRDA:27,7,0,4
BRDA:27,7,1,4
BRDA:28,8,0,4
BRDA:28,8,1,4
BRDA:54,9,0,0
BRDA:54,9,1,0
BRF:20
BRH:11
end_of_record
TN:
SF:src\controllers\matchController.ts
FN:5,(anonymous_0)
FN:15,(anonymous_1)
FN:25,(anonymous_2)
FN:36,(anonymous_3)
FN:47,(anonymous_4)
FN:57,(anonymous_5)
FN:66,(anonymous_6)
FN:76,(anonymous_7)
FN:85,(anonymous_8)
FN:95,(anonymous_9)
FN:104,(anonymous_10)
FN:114,(anonymous_11)
FNF:12
FNH:6
FNDA:2,(anonymous_0)
FNDA:2,(anonymous_1)
FNDA:2,(anonymous_2)
FNDA:1,(anonymous_3)
FNDA:0,(anonymous_4)
FNDA:0,(anonymous_5)
FNDA:1,(anonymous_6)
FNDA:0,(anonymous_7)
FNDA:0,(anonymous_8)
FNDA:0,(anonymous_9)
FNDA:0,(anonymous_10)
FNDA:1,(anonymous_11)
DA:2,1
DA:4,1
DA:6,2
DA:7,2
DA:8,2
DA:9,1
DA:11,1
DA:16,2
DA:17,2
DA:18,2
DA:19,1
DA:21,0
DA:26,2
DA:27,2
DA:28,2
DA:29,2
DA:30,1
DA:32,0
DA:37,1
DA:38,1
DA:39,1
DA:40,1
DA:41,1
DA:43,0
DA:48,0
DA:49,0
DA:50,0
DA:51,0
DA:53,0
DA:58,0
DA:59,0
DA:60,0
DA:62,0
DA:67,1
DA:68,1
DA:69,1
DA:70,1
DA:72,0
DA:77,0
DA:78,0
DA:79,0
DA:81,0
DA:86,0
DA:87,0
DA:88,0
DA:89,0
DA:91,0
DA:96,0
DA:97,0
DA:98,0
DA:100,0
DA:105,0
DA:106,0
DA:107,0
DA:108,0
DA:110,0
DA:115,1
DA:116,1
DA:117,1
DA:118,1
DA:120,0
LF:61
LH:29
BRDA:11,0,0,1
BRDA:11,0,1,0
BRDA:18,1,0,1
BRDA:18,1,1,1
BRDA:21,2,0,0
BRDA:21,2,1,0
BRDA:29,3,0,1
BRDA:29,3,1,1
BRDA:32,4,0,0
BRDA:32,4,1,0
BRDA:40,5,0,0
BRDA:40,5,1,1
BRDA:43,6,0,0
BRDA:43,6,1,0
BRDA:50,7,0,0
BRDA:50,7,1,0
BRDA:53,8,0,0
BRDA:53,8,1,0
BRDA:62,9,0,0
BRDA:62,9,1,0
BRDA:69,10,0,1
BRDA:69,10,1,1
BRDA:72,11,0,0
BRDA:72,11,1,0
BRDA:81,12,0,0
BRDA:81,12,1,0
BRDA:91,13,0,0
BRDA:91,13,1,0
BRDA:100,14,0,0
BRDA:100,14,1,0
BRDA:110,15,0,0
BRDA:110,15,1,0
BRDA:120,16,0,0
BRDA:120,16,1,0
BRF:34
BRH:8
end_of_record
TN:
SF:src\controllers\playerController.ts
FN:18,(anonymous_0)
FN:44,(anonymous_1)
FN:75,(anonymous_2)
FN:106,(anonymous_3)
FN:153,(anonymous_4)
FN:198,(anonymous_5)
FN:229,(anonymous_6)
FNF:7
FNH:5
FNDA:1,(anonymous_0)
FNDA:2,(anonymous_1)
FNDA:0,(anonymous_2)
FNDA:3,(anonymous_3)
FNDA:0,(anonymous_4)
FNDA:2,(anonymous_5)
FNDA:2,(anonymous_6)
DA:7,1
DA:11,1
DA:13,1
DA:19,1
DA:21,1
DA:23,1
DA:25,1
DA:31,0
DA:32,0
DA:45,2
DA:46,2
DA:48,2
DA:50,2
DA:51,1
DA:57,1
DA:62,0
DA:63,0
DA:76,0
DA:77,0
DA:79,0
DA:81,0
DA:82,0
DA:88,0
DA:93,0
DA:94,0
DA:107,3
DA:108,3
DA:111,3
DA:112,2
DA:118,1
DA:119,0
DA:126,1
DA:128,1
DA:134,1
DA:140,0
DA:141,0
DA:154,0
DA:155,0
DA:156,0
DA:159,0
DA:160,0
DA:166,0
DA:172,0
DA:173,0
DA:179,0
DA:185,0
DA:186,0
DA:199,2
DA:200,2
DA:202,2
DA:204,2
DA:205,1
DA:211,1
DA:216,0
DA:217,0
DA:230,2
DA:231,2
DA:233,2
DA:234,1
DA:241,1
DA:243,1
DA:245,1
DA:251,0
DA:252,0
LF:64
LH:34
BRDA:35,0,0,0
BRDA:35,0,1,0
BRDA:50,1,0,1
BRDA:50,1,1,1
BRDA:66,2,0,0
BRDA:66,2,1,0
BRDA:81,3,0,0
BRDA:81,3,1,0
BRDA:97,4,0,0
BRDA:97,4,1,0
BRDA:111,5,0,2
BRDA:111,5,1,1
BRDA:111,6,0,3
BRDA:111,6,1,2
BRDA:118,7,0,0
BRDA:118,7,1,1
BRDA:118,8,0,1
BRDA:118,8,1,1
BRDA:144,9,0,0
BRDA:144,9,1,0
BRDA:159,10,0,0
BRDA:159,10,1,0
BRDA:159,11,0,0
BRDA:159,11,1,0
BRDA:172,12,0,0
BRDA:172,12,1,0
BRDA:189,13,0,0
BRDA:189,13,1,0
BRDA:204,14,0,1
BRDA:204,14,1,1
BRDA:220,15,0,0
BRDA:220,15,1,0
BRDA:233,16,0,1
BRDA:233,16,1,1
BRDA:233,17,0,2
BRDA:233,17,1,1
BRDA:255,18,0,0
BRDA:255,18,1,0
BRF:38
BRH:15
end_of_record
TN:
SF:src\controllers\teamController.ts
FN:15,(anonymous_0)
FN:40,(anonymous_1)
FN:89,(anonymous_2)
FN:143,(anonymous_3)
FN:183,(anonymous_4)
FN:214,(anonymous_5)
FN:249,(anonymous_6)
FN:280,(anonymous_7)
FN:315,(anonymous_8)
FNF:9
FNH:6
FNDA:1,(anonymous_0)
FNDA:3,(anonymous_1)
FNDA:4,(anonymous_2)
FNDA:0,(anonymous_3)
FNDA:2,(anonymous_4)
FNDA:2,(anonymous_5)
FNDA:0,(anonymous_6)
FNDA:2,(anonymous_7)
FNDA:0,(anonymous_8)
DA:7,1
DA:10,1
DA:16,1
DA:17,1
DA:19,1
DA:21,1
DA:27,0
DA:28,0
DA:41,3
DA:42,3
DA:43,3
DA:44,3
DA:46,3
DA:47,1
DA:49,1
DA:50,0
DA:56,1
DA:62,2
DA:64,2
DA:65,1
DA:71,1
DA:76,0
DA:77,0
DA:90,4
DA:91,4
DA:92,4
DA:95,4
DA:96,1
DA:102,3
DA:103,1
DA:110,2
DA:117,2
DA:118,1
DA:122,2
DA:124,2
DA:130,0
DA:131,0
DA:144,0
DA:145,0
DA:146,0
DA:148,0
DA:149,0
DA:155,0
DA:157,0
DA:158,0
DA:164,0
DA:170,0
DA:171,0
DA:184,2
DA:185,2
DA:187,2
DA:189,2
DA:190,1
DA:196,1
DA:201,0
DA:202,0
DA:215,2
DA:216,2
DA:217,2
DA:219,2
DA:220,1
DA:226,1
DA:228,1
DA:230,1
DA:236,0
DA:237,0
DA:250,0
DA:251,0
DA:253,0
DA:255,0
DA:256,0
DA:262,0
DA:267,0
DA:268,0
DA:281,2
DA:282,2
DA:283,2
DA:285,2
DA:286,1
DA:292,1
DA:294,1
DA:296,1
DA:302,0
DA:303,0
DA:316,0
DA:317,0
DA:319,0
DA:321,0
DA:327,0
DA:328,0
LF:90
LH:52
BRDA:31,0,0,0
BRDA:31,0,1,0
BRDA:46,1,0,1
BRDA:46,1,1,2
BRDA:49,2,0,0
BRDA:49,2,1,1
BRDA:64,3,0,1
BRDA:64,3,1,1
BRDA:80,4,0,0
BRDA:80,4,1,0
BRDA:95,5,0,1
BRDA:95,5,1,3
BRDA:102,6,0,1
BRDA:102,6,1,2
BRDA:117,7,0,1
BRDA:117,7,1,1
BRDA:117,8,0,2
BRDA:117,8,1,1
BRDA:134,9,0,0
BRDA:134,9,1,0
BRDA:148,10,0,0
BRDA:148,10,1,0
BRDA:157,11,0,0
BRDA:157,11,1,0
BRDA:174,12,0,0
BRDA:174,12,1,0
BRDA:189,13,0,1
BRDA:189,13,1,1
BRDA:205,14,0,0
BRDA:205,14,1,0
BRDA:219,15,0,1
BRDA:219,15,1,1
BRDA:240,16,0,0
BRDA:240,16,1,0
BRDA:255,17,0,0
BRDA:255,17,1,0
BRDA:271,18,0,0
BRDA:271,18,1,0
BRDA:285,19,0,1
BRDA:285,19,1,1
BRDA:306,20,0,0
BRDA:306,20,1,0
BRDA:331,21,0,0
BRDA:331,21,1,0
BRF:44
BRH:19
end_of_record
TN:
SF:src\controllers\tournamentController.ts
FN:18,(anonymous_0)
FN:44,(anonymous_1)
FN:69,(anonymous_2)
FN:100,(anonymous_3)
FN:131,(anonymous_4)
FN:188,(anonymous_5)
FN:239,(anonymous_6)
FN:288,(anonymous_7)
FN:321,(anonymous_8)
FNF:9
FNH:8
FNDA:3,(anonymous_0)
FNDA:2,(anonymous_1)
FNDA:2,(anonymous_2)
FNDA:2,(anonymous_3)
FNDA:11,(anonymous_4)
FNDA:0,(anonymous_5)
FNDA:4,(anonymous_6)
FNDA:2,(anonymous_7)
FNDA:3,(anonymous_8)
DA:7,1
DA:11,1
DA:13,1
DA:19,3
DA:21,3
DA:23,3
DA:25,2
DA:31,1
DA:32,1
DA:45,2
DA:46,2
DA:48,2
DA:50,2
DA:56,0
DA:57,0
DA:70,2
DA:71,2
DA:73,2
DA:75,2
DA:76,1
DA:82,1
DA:87,0
DA:88,0
DA:101,2
DA:102,2
DA:104,2
DA:106,2
DA:107,1
DA:113,1
DA:118,0
DA:119,0
DA:132,11
DA:133,11
DA:136,11
DA:137,2
DA:143,9
DA:144,1
DA:150,8
DA:151,8
DA:152,1
DA:160,7
DA:162,7
DA:169,7
DA:175,0
DA:176,0
DA:189,0
DA:190,0
DA:191,0
DA:194,0
DA:195,0
DA:206,0
DA:213,0
DA:214,0
DA:220,0
DA:226,0
DA:227,0
DA:240,4
DA:241,4
DA:242,4
DA:244,4
DA:245,1
DA:251,3
DA:252,3
DA:253,1
DA:260,2
DA:262,2
DA:263,1
DA:269,1
DA:275,0
DA:276,0
DA:289,2
DA:290,2
DA:294,2
DA:296,2
DA:297,1
DA:303,1
DA:308,0
DA:309,0
DA:322,3
DA:323,3
DA:325,3
DA:326,2
DA:332,1
DA:334,1
DA:340,0
DA:341,0
LF:86
LH:61
BRDA:35,0,0,1
BRDA:35,0,1,0
BRDA:46,1,0,2
BRDA:46,1,1,1
BRDA:60,2,0,0
BRDA:60,2,1,0
BRDA:75,3,0,1
BRDA:75,3,1,1
BRDA:91,4,0,0
BRDA:91,4,1,0
BRDA:106,5,0,1
BRDA:106,5,1,1
BRDA:122,6,0,0
BRDA:122,6,1,0
BRDA:136,7,0,2
BRDA:136,7,1,9
BRDA:136,8,0,11
BRDA:136,8,1,10
BRDA:143,9,0,1
BRDA:143,9,1,8
BRDA:151,10,0,1
BRDA:151,10,1,7
BRDA:166,11,0,7
BRDA:166,11,1,6
BRDA:179,12,0,0
BRDA:179,12,1,0
BRDA:194,13,0,0
BRDA:194,13,1,0
BRDA:194,14,0,0
BRDA:194,14,1,0
BRDA:210,15,0,0
BRDA:210,15,1,0
BRDA:213,16,0,0
BRDA:213,16,1,0
BRDA:230,17,0,0
BRDA:230,17,1,0
BRDA:244,18,0,1
BRDA:244,18,1,3
BRDA:252,19,0,1
BRDA:252,19,1,2
BRDA:262,20,0,1
BRDA:262,20,1,1
BRDA:279,21,0,0
BRDA:279,21,1,0
BRDA:296,22,0,1
BRDA:296,22,1,1
BRDA:312,23,0,0
BRDA:312,23,1,0
BRDA:325,24,0,2
BRDA:325,24,1,1
BRDA:325,25,0,3
BRDA:325,25,1,2
BRDA:344,26,0,0
BRDA:344,26,1,0
BRF:54
BRH:29
end_of_record
TN:
SF:src\models\matchModel.ts
FN:4,(anonymous_0)
FN:20,(anonymous_1)
FN:34,(anonymous_2)
FN:42,(anonymous_3)
FN:50,(anonymous_4)
FN:76,(anonymous_5)
FN:89,(anonymous_6)
FN:97,(anonymous_7)
FN:110,(anonymous_8)
FN:118,(anonymous_9)
FN:135,(anonymous_10)
FN:143,(anonymous_11)
FNF:12
FNH:0
FNDA:0,(anonymous_0)
FNDA:0,(anonymous_1)
FNDA:0,(anonymous_2)
FNDA:0,(anonymous_3)
FNDA:0,(anonymous_4)
FNDA:0,(anonymous_5)
FNDA:0,(anonymous_6)
FNDA:0,(anonymous_7)
FNDA:0,(anonymous_8)
FNDA:0,(anonymous_9)
FNDA:0,(anonymous_10)
FNDA:0,(anonymous_11)
DA:1,1
DA:3,1
DA:5,0
DA:17,0
DA:21,0
DA:31,0
DA:35,0
DA:39,0
DA:43,0
DA:47,0
DA:51,0
DA:52,0
DA:54,0
DA:56,0
DA:63,0
DA:70,0
DA:77,0
DA:86,0
DA:90,0
DA:94,0
DA:98,0
DA:107,0
DA:111,0
DA:115,0
DA:119,0
DA:132,0
DA:136,0
DA:140,0
DA:144,0
DA:153,0
LF:30
LH:2
BRDA:31,0,0,0
BRDA:31,0,1,0
BRDA:39,1,0,0
BRDA:39,1,1,0
BRDA:47,2,0,0
BRDA:47,2,1,0
BRDA:52,3,0,0
BRDA:52,3,1,0
BRDA:89,4,0,0
BRDA:113,5,0,0
BRDA:113,5,1,0
BRDA:138,6,0,0
BRDA:138,6,1,0
BRF:13
BRH:0
end_of_record
TN:
SF:src\models\playerModel.ts
FN:13,(anonymous_0)
FN:28,(anonymous_1)
FN:42,(anonymous_2)
FN:60,(anonymous_3)
FN:79,(anonymous_4)
FN:91,(anonymous_5)
FN:114,(anonymous_6)
FNF:7
FNH:0
FNDA:0,(anonymous_0)
FNDA:0,(anonymous_1)
FNDA:0,(anonymous_2)
FNDA:0,(anonymous_3)
FNDA:0,(anonymous_4)
FNDA:0,(anonymous_5)
FNDA:0,(anonymous_6)
DA:6,1
DA:9,1
DA:14,0
DA:22,0
DA:29,0
DA:36,0
DA:47,0
DA:54,0
DA:65,0
DA:73,0
DA:80,0
DA:85,0
DA:92,0
DA:108,0
DA:115,0
DA:116,0
DA:129,0
LF:17
LH:2
BRDA:36,0,0,0
BRDA:36,0,1,0
BRDA:73,1,0,0
BRDA:73,1,1,0
BRDA:85,2,0,0
BRDA:85,2,1,0
BRDA:108,3,0,0
BRDA:108,3,1,0
BRF:8
BRH:0
end_of_record
TN:
SF:src\models\teamModel.ts
FN:13,(anonymous_0)
FN:28,(anonymous_1)
FN:42,(anonymous_2)
FN:73,(anonymous_3)
FN:91,(anonymous_4)
FN:110,(anonymous_5)
FN:122,(anonymous_6)
FN:134,(anonymous_7)
FN:147,(anonymous_8)
FN:161,(anonymous_9)
FN:183,(anonymous_10)
FNF:11
FNH:0
FNDA:0,(anonymous_0)
FNDA:0,(anonymous_1)
FNDA:0,(anonymous_2)
FNDA:0,(anonymous_3)
FNDA:0,(anonymous_4)
FNDA:0,(anonymous_5)
FNDA:0,(anonymous_6)
FNDA:0,(anonymous_7)
FNDA:0,(anonymous_8)
FNDA:0,(anonymous_9)
FNDA:0,(anonymous_10)
DA:6,1
DA:9,1
DA:14,0
DA:22,0
DA:29,0
DA:36,0
DA:43,0
DA:50,0
DA:52,0
DA:55,0
DA:64,0
DA:78,0
DA:85,0
DA:96,0
DA:104,0
DA:111,0
DA:116,0
DA:123,0
DA:135,0
DA:141,0
DA:148,0
DA:150,0
DA:151,0
DA:154,0
DA:160,0
DA:161,0
DA:162,0
DA:165,0
DA:171,0
DA:173,0
DA:174,0
DA:176,0
DA:184,0
DA:193,0
LF:34
LH:2
BRDA:36,0,0,0
BRDA:36,0,1,0
BRDA:50,1,0,0
BRDA:50,1,1,0
BRDA:82,2,0,0
BRDA:82,2,1,0
BRDA:101,3,0,0
BRDA:101,3,1,0
BRDA:104,4,0,0
BRDA:104,4,1,0
BRDA:116,5,0,0
BRDA:116,5,1,0
BRDA:141,6,0,0
BRDA:141,6,1,0
BRDA:160,7,0,0
BRDA:160,7,1,0
BRF:16
BRH:0
end_of_record
TN:
SF:src\models\tournamentModel.ts
FN:14,(anonymous_0)
FN:29,(anonymous_1)
FN:45,(anonymous_2)
FN:59,(anonymous_3)
FN:73,(anonymous_4)
FN:109,(anonymous_5)
FN:129,(anonymous_6)
FN:147,(anonymous_7)
FN:159,(anonymous_8)
FN:171,(anonymous_9)
FNF:10
FNH:0
FNDA:0,(anonymous_0)
FNDA:0,(anonymous_1)
FNDA:0,(anonymous_2)
FNDA:0,(anonymous_3)
FNDA:0,(anonymous_4)
FNDA:0,(anonymous_5)
FNDA:0,(anonymous_6)
FNDA:0,(anonymous_7)
FNDA:0,(anonymous_8)
FNDA:0,(anonymous_9)
DA:6,1
DA:8,1
DA:10,1
DA:15,0
DA:23,0
DA:30,0
DA:39,0
DA:46,0
DA:53,0
DA:60,0
DA:67,0
DA:80,0
DA:81,0
DA:82,0
DA:85,0
DA:86,0
DA:87,0
DA:88,0
DA:89,0
DA:92,0
DA:93,0
DA:96,0
DA:103,0
DA:115,0
DA:123,0
DA:133,0
DA:141,0
DA:148,0
DA:153,0
DA:160,0
DA:165,0
DA:172,0
DA:173,0
DA:183,0
LF:34
LH:3
BRDA:29,0,0,0
BRDA:53,1,0,0
BRDA:53,1,1,0
BRDA:67,2,0,0
BRDA:67,2,1,0
BRDA:87,3,0,0
BRDA:87,3,1,0
BRDA:92,4,0,0
BRDA:92,4,1,0
BRDA:123,5,0,0
BRDA:123,5,1,0
BRDA:141,6,0,0
BRDA:141,6,1,0
BRDA:153,7,0,0
BRDA:153,7,1,0
BRDA:171,8,0,0
BRF:16
BRH:0
end_of_record
TN:
SF:src\utils\generateCode.ts
FN:8,generateShareCode
FN:20,isValidShareCode
FNF:2
FNH:2
FNDA:202,generateShareCode
FNDA:9,isValidShareCode
DA:6,2
DA:8,2
DA:9,202
DA:10,202
DA:11,1620
DA:12,1620
DA:14,202
DA:20,2
DA:21,9
DA:22,6
LF:10
LH:10
BRDA:8,0,0,201
BRDA:21,1,0,3
BRDA:21,1,1,6
BRF:3
BRH:3
end_of_record
